17:36:52.741 [main] DEBUG org.testng.log4testng.Logger.debug(Logger.java:82)oggger - suiteXmlPath: "C:\Users\evanr\AppData\Local\JetBrains\IdeaIC2021.1\temp-testng-customsuite.xml"
17:36:52.897 [main] INFO  org.testng.log4testng.Logger.info(Logger.java:112)oggger - [TestNG] Running:
  C:\Users\evanr\AppData\Local\JetBrains\IdeaIC2021.1\temp-testng-customsuite.xml

17:36:58.631 [main] INFO  testCases.TC001_AccountRegistrationTest.verifyAccountRegistration(TC001_AccountRegistrationTest.java:14)oggger - ---------- STARTING TC001_AccountRegistrationTest ----------
17:36:58.700 [main] INFO  testCases.TC001_AccountRegistrationTest.verifyAccountRegistration(TC001_AccountRegistrationTest.java:20)oggger - CLICKED ON MyAccount LINK
17:36:59.353 [main] INFO  testCases.TC001_AccountRegistrationTest.verifyAccountRegistration(TC001_AccountRegistrationTest.java:23)oggger - CLICKED ON Register LINK
17:36:59.355 [main] INFO  testCases.TC001_AccountRegistrationTest.verifyAccountRegistration(TC001_AccountRegistrationTest.java:27)oggger - INPUTTING CUSTOMER REGISTRATION DETAILS
17:37:00.623 [main] INFO  testCases.TC001_AccountRegistrationTest.verifyAccountRegistration(TC001_AccountRegistrationTest.java:40)oggger - VALIDATING EXPECTED MESSAGE
17:37:00.644 [main] INFO  testCases.TC001_AccountRegistrationTest.verifyAccountRegistration(TC001_AccountRegistrationTest.java:49)oggger - ---------- TC001_AccountRegistrationTest COMPLETE ----------
17:41:28.394 [main] DEBUG org.testng.TestNG - suiteXmlPath: "C:\Users\evanr\AppData\Local\JetBrains\IdeaIC2021.1\temp-testng-customsuite.xml"
17:41:28.534 [main] INFO  org.testng.internal.Utils - [TestNG] Running:
  C:\Users\evanr\AppData\Local\JetBrains\IdeaIC2021.1\temp-testng-customsuite.xml

17:41:33.587 [main] INFO  testCases.TC001_AccountRegistrationTest - ---------- STARTING TC001_AccountRegistrationTest ----------
17:41:33.665 [main] INFO  testCases.TC001_AccountRegistrationTest - CLICKED ON MyAccount LINK
17:41:34.319 [main] INFO  testCases.TC001_AccountRegistrationTest - CLICKED ON Register LINK
17:41:34.320 [main] INFO  testCases.TC001_AccountRegistrationTest - INPUTTING CUSTOMER REGISTRATION DETAILS
17:41:35.736 [main] INFO  testCases.TC001_AccountRegistrationTest - VALIDATING EXPECTED MESSAGE
17:41:35.755 [main] INFO  testCases.TC001_AccountRegistrationTest - ---------- TC001_AccountRegistrationTest COMPLETE ----------
17:43:10.577 [main] DEBUG org.testng.TestNG - suiteXmlPath: "C:\Users\evanr\AppData\Local\JetBrains\IdeaIC2021.1\temp-testng-customsuite.xml"
17:43:10.727 [main] INFO  org.testng.internal.Utils - [TestNG] Running:
  C:\Users\evanr\AppData\Local\JetBrains\IdeaIC2021.1\temp-testng-customsuite.xml

17:43:15.688 [main] INFO  testCases.TC001_AccountRegistrationTest - #### STARTING TC001_AccountRegistrationTest ####
17:43:15.761 [main] INFO  testCases.TC001_AccountRegistrationTest - CLICKED ON MyAccount LINK
17:43:16.378 [main] INFO  testCases.TC001_AccountRegistrationTest - CLICKED ON Register LINK
17:43:16.379 [main] INFO  testCases.TC001_AccountRegistrationTest - INPUTTING CUSTOMER REGISTRATION DETAILS...
17:43:17.638 [main] INFO  testCases.TC001_AccountRegistrationTest - VALIDATING EXPECTED MESSAGE...
17:43:17.674 [main] INFO  testCases.TC001_AccountRegistrationTest - #### TC001_AccountRegistrationTest COMPLETE ####
18:01:56.807 [main] DEBUG org.testng.TestNG - suiteXmlPath: "C:\Automation\OpencartVer001\testng_master.xml"
18:01:56.970 [main] INFO  org.testng.internal.Utils - [TestNG] Running:
  C:\Automation\OpencartVer001\testng_master.xml

18:02:02.168 [main] INFO  testCases.TC001_AccountRegistrationTest - #### STARTING TC001_AccountRegistrationTest ####
18:02:02.235 [main] INFO  testCases.TC001_AccountRegistrationTest - CLICKED ON MyAccount LINK
18:02:02.883 [main] INFO  testCases.TC001_AccountRegistrationTest - CLICKED ON Register LINK
18:02:02.884 [main] INFO  testCases.TC001_AccountRegistrationTest - INPUTTING CUSTOMER REGISTRATION DETAILS...
18:02:04.455 [main] INFO  testCases.TC001_AccountRegistrationTest - VALIDATING EXPECTED MESSAGE...
18:02:04.482 [main] INFO  testCases.TC001_AccountRegistrationTest - #### TC001_AccountRegistrationTest COMPLETE ####
18:04:52.891 [main] DEBUG org.testng.TestNG - suiteXmlPath: "C:\Automation\OpencartVer001\testng_cross-browser-testing.xml"
18:04:53.045 [main] INFO  org.testng.internal.Utils - [TestNG] Running:
  C:\Automation\OpencartVer001\testng_cross-browser-testing.xml

18:04:58.076 [main] INFO  testCases.TC001_AccountRegistrationTest - #### STARTING TC001_AccountRegistrationTest ####
18:04:58.138 [main] INFO  testCases.TC001_AccountRegistrationTest - CLICKED ON MyAccount LINK
18:04:58.805 [main] INFO  testCases.TC001_AccountRegistrationTest - CLICKED ON Register LINK
18:04:58.806 [main] INFO  testCases.TC001_AccountRegistrationTest - INPUTTING CUSTOMER REGISTRATION DETAILS...
18:05:00.147 [main] INFO  testCases.TC001_AccountRegistrationTest - VALIDATING EXPECTED MESSAGE...
18:05:00.167 [main] INFO  testCases.TC001_AccountRegistrationTest - #### TC001_AccountRegistrationTest COMPLETE ####
18:05:05.806 [main] INFO  testCases.TC001_AccountRegistrationTest - #### STARTING TC001_AccountRegistrationTest ####
18:05:05.859 [main] INFO  testCases.TC001_AccountRegistrationTest - CLICKED ON MyAccount LINK
18:05:06.602 [main] INFO  testCases.TC001_AccountRegistrationTest - CLICKED ON Register LINK
18:05:06.602 [main] INFO  testCases.TC001_AccountRegistrationTest - INPUTTING CUSTOMER REGISTRATION DETAILS...
18:05:07.923 [main] INFO  testCases.TC001_AccountRegistrationTest - VALIDATING EXPECTED MESSAGE...
18:05:07.943 [main] INFO  testCases.TC001_AccountRegistrationTest - #### TC001_AccountRegistrationTest COMPLETE ####
18:05:12.379 [main] INFO  testCases.TC001_AccountRegistrationTest - #### STARTING TC001_AccountRegistrationTest ####
18:05:12.608 [main] INFO  testCases.TC001_AccountRegistrationTest - CLICKED ON MyAccount LINK
18:05:13.226 [main] INFO  testCases.TC001_AccountRegistrationTest - CLICKED ON Register LINK
18:05:13.227 [main] INFO  testCases.TC001_AccountRegistrationTest - INPUTTING CUSTOMER REGISTRATION DETAILS...
18:05:14.454 [main] INFO  testCases.TC001_AccountRegistrationTest - VALIDATING EXPECTED MESSAGE...
18:05:14.466 [main] INFO  testCases.TC001_AccountRegistrationTest - #### TC001_AccountRegistrationTest COMPLETE ####
18:06:58.924 [main] DEBUG org.testng.TestNG - suiteXmlPath: "C:\Automation\OpencartVer001\testng_cross-browser-testing.xml"
18:06:59.082 [main] INFO  org.testng.internal.Utils - [TestNG] Running:
  C:\Automation\OpencartVer001\testng_cross-browser-testing.xml

18:07:02.954 [TestNG-tests-2] INFO  testCases.TC001_AccountRegistrationTest - #### STARTING TC001_AccountRegistrationTest ####
18:07:03.019 [TestNG-tests-2] INFO  testCases.TC001_AccountRegistrationTest - CLICKED ON MyAccount LINK
18:07:03.636 [TestNG-tests-3] INFO  testCases.TC001_AccountRegistrationTest - #### STARTING TC001_AccountRegistrationTest ####
18:07:03.658 [TestNG-tests-2] INFO  testCases.TC001_AccountRegistrationTest - CLICKED ON Register LINK
18:07:03.659 [TestNG-tests-2] INFO  testCases.TC001_AccountRegistrationTest - INPUTTING CUSTOMER REGISTRATION DETAILS...
18:07:03.869 [TestNG-tests-3] INFO  testCases.TC001_AccountRegistrationTest - CLICKED ON MyAccount LINK
18:07:03.998 [TestNG-tests-1] INFO  testCases.TC001_AccountRegistrationTest - #### STARTING TC001_AccountRegistrationTest ####
18:07:04.053 [TestNG-tests-1] INFO  testCases.TC001_AccountRegistrationTest - CLICKED ON MyAccount LINK
18:07:04.512 [TestNG-tests-3] INFO  testCases.TC001_AccountRegistrationTest - CLICKED ON Register LINK
18:07:04.513 [TestNG-tests-3] INFO  testCases.TC001_AccountRegistrationTest - INPUTTING CUSTOMER REGISTRATION DETAILS...
18:07:04.978 [TestNG-tests-1] INFO  testCases.TC001_AccountRegistrationTest - CLICKED ON Register LINK
18:07:04.979 [TestNG-tests-1] INFO  testCases.TC001_AccountRegistrationTest - INPUTTING CUSTOMER REGISTRATION DETAILS...
18:07:05.002 [TestNG-tests-2] INFO  testCases.TC001_AccountRegistrationTest - VALIDATING EXPECTED MESSAGE...
18:07:05.027 [TestNG-tests-2] INFO  testCases.TC001_AccountRegistrationTest - #### TC001_AccountRegistrationTest COMPLETE ####
18:07:05.905 [TestNG-tests-3] INFO  testCases.TC001_AccountRegistrationTest - VALIDATING EXPECTED MESSAGE...
18:07:05.917 [TestNG-tests-3] INFO  testCases.TC001_AccountRegistrationTest - #### TC001_AccountRegistrationTest COMPLETE ####
18:07:06.306 [TestNG-tests-1] INFO  testCases.TC001_AccountRegistrationTest - VALIDATING EXPECTED MESSAGE...
18:07:06.326 [TestNG-tests-1] INFO  testCases.TC001_AccountRegistrationTest - #### TC001_AccountRegistrationTest COMPLETE ####
18:17:31.092 [main] DEBUG org.testng.TestNG - suiteXmlPath: "C:\Automation\OpencartVer001\testng_master.xml"
18:17:31.248 [main] INFO  org.testng.internal.Utils - [TestNG] Running:
  C:\Automation\OpencartVer001\testng_master.xml

18:18:22.719 [main] DEBUG org.testng.TestNG - suiteXmlPath: "C:\Automation\OpencartVer001\testng_master.xml"
18:18:22.878 [main] INFO  org.testng.internal.Utils - [TestNG] Running:
  C:\Automation\OpencartVer001\testng_master.xml

18:18:27.977 [main] INFO  testCases.TC001_AccountRegistrationTest - #### STARTING TC001_AccountRegistrationTest ####
18:18:28.046 [main] INFO  testCases.TC001_AccountRegistrationTest - CLICKED ON MyAccount LINK
18:18:28.682 [main] INFO  testCases.TC001_AccountRegistrationTest - CLICKED ON Register LINK
18:18:28.683 [main] INFO  testCases.TC001_AccountRegistrationTest - INPUTTING CUSTOMER REGISTRATION DETAILS...
18:18:29.985 [main] INFO  testCases.TC001_AccountRegistrationTest - VALIDATING EXPECTED MESSAGE...
18:18:30.005 [main] INFO  testCases.TC001_AccountRegistrationTest - #### TC001_AccountRegistrationTest COMPLETE ####
15:27:21.638 [main] DEBUG org.testng.TestNG - suiteXmlPath: "C:\Automation\OpencartVer001\testng_master.xml"
15:27:21.794 [main] INFO  org.testng.internal.Utils - [TestNG] Running:
  C:\Automation\OpencartVer001\testng_master.xml

15:27:27.359 [main] INFO  testCases.TC002_LoginTest - ------- STARTING TC002_LoginTest -------
15:28:03.327 [main] DEBUG org.testng.TestNG - suiteXmlPath: "C:\Automation\OpencartVer001\testng_master.xml"
15:28:03.474 [main] INFO  org.testng.internal.Utils - [TestNG] Running:
  C:\Automation\OpencartVer001\testng_master.xml

15:28:08.468 [main] INFO  testCases.TC002_LoginTest - ------- STARTING TC002_LoginTest -------
15:39:04.831 [main] DEBUG org.testng.TestNG - suiteXmlPath: "C:\Automation\OpencartVer001\testng_master.xml"
15:39:04.994 [main] INFO  org.testng.internal.Utils - [TestNG] Running:
  C:\Automation\OpencartVer001\testng_master.xml

15:39:10.114 [main] INFO  testCases.TC002_LoginTest - ------- STARTING TC002_LoginTest -------
15:39:11.604 [main] INFO  testCases.TC002_LoginTest - ------- TC002_LoginTest COMPLETE -------
16:53:14.876 [main] DEBUG org.testng.TestNG - suiteXmlPath: "C:\Automation\OpencartVer001\testng_master.xml"
16:53:15.026 [main] INFO  org.testng.internal.Utils - [TestNG] Running:
  C:\Automation\OpencartVer001\testng_master.xml

16:53:20.327 [main] DEBUG org.apache.poi.openxml4j.opc.PackageRelationshipCollection - Parsing relationship: /xl/_rels/workbook.xml.rels
16:53:20.328 [main] DEBUG org.apache.poi.openxml4j.opc.PackageRelationshipCollection - Parsing relationship: /xl/worksheets/_rels/sheet1.xml.rels
16:53:20.329 [main] DEBUG org.apache.poi.openxml4j.opc.PackageRelationshipCollection - Parsing relationship: /_rels/.rels
16:53:20.607 [main] DEBUG org.apache.poi.openxml4j.opc.PackageRelationshipCollection - Parsing relationship: /xl/_rels/workbook.xml.rels
16:53:20.607 [main] DEBUG org.apache.poi.openxml4j.opc.PackageRelationshipCollection - Parsing relationship: /xl/worksheets/_rels/sheet1.xml.rels
16:53:20.608 [main] DEBUG org.apache.poi.openxml4j.opc.PackageRelationshipCollection - Parsing relationship: /_rels/.rels
16:53:20.621 [main] DEBUG org.apache.poi.openxml4j.opc.PackageRelationshipCollection - Parsing relationship: /xl/_rels/workbook.xml.rels
16:53:20.621 [main] DEBUG org.apache.poi.openxml4j.opc.PackageRelationshipCollection - Parsing relationship: /xl/worksheets/_rels/sheet1.xml.rels
16:53:20.621 [main] DEBUG org.apache.poi.openxml4j.opc.PackageRelationshipCollection - Parsing relationship: /_rels/.rels
16:53:20.640 [main] DEBUG org.apache.poi.openxml4j.opc.PackageRelationshipCollection - Parsing relationship: /xl/_rels/workbook.xml.rels
16:53:20.640 [main] DEBUG org.apache.poi.openxml4j.opc.PackageRelationshipCollection - Parsing relationship: /xl/worksheets/_rels/sheet1.xml.rels
16:53:20.641 [main] DEBUG org.apache.poi.openxml4j.opc.PackageRelationshipCollection - Parsing relationship: /_rels/.rels
16:53:20.651 [main] DEBUG org.apache.poi.openxml4j.opc.PackageRelationshipCollection - Parsing relationship: /xl/_rels/workbook.xml.rels
16:53:20.652 [main] DEBUG org.apache.poi.openxml4j.opc.PackageRelationshipCollection - Parsing relationship: /xl/worksheets/_rels/sheet1.xml.rels
16:53:20.652 [main] DEBUG org.apache.poi.openxml4j.opc.PackageRelationshipCollection - Parsing relationship: /_rels/.rels
16:53:20.664 [main] DEBUG org.apache.poi.openxml4j.opc.PackageRelationshipCollection - Parsing relationship: /xl/_rels/workbook.xml.rels
16:53:20.664 [main] DEBUG org.apache.poi.openxml4j.opc.PackageRelationshipCollection - Parsing relationship: /xl/worksheets/_rels/sheet1.xml.rels
16:53:20.664 [main] DEBUG org.apache.poi.openxml4j.opc.PackageRelationshipCollection - Parsing relationship: /_rels/.rels
16:53:20.675 [main] DEBUG org.apache.poi.openxml4j.opc.PackageRelationshipCollection - Parsing relationship: /xl/_rels/workbook.xml.rels
16:53:20.675 [main] DEBUG org.apache.poi.openxml4j.opc.PackageRelationshipCollection - Parsing relationship: /xl/worksheets/_rels/sheet1.xml.rels
16:53:20.676 [main] DEBUG org.apache.poi.openxml4j.opc.PackageRelationshipCollection - Parsing relationship: /_rels/.rels
16:53:20.684 [main] DEBUG org.apache.poi.openxml4j.opc.PackageRelationshipCollection - Parsing relationship: /xl/_rels/workbook.xml.rels
16:53:20.684 [main] DEBUG org.apache.poi.openxml4j.opc.PackageRelationshipCollection - Parsing relationship: /xl/worksheets/_rels/sheet1.xml.rels
16:53:20.684 [main] DEBUG org.apache.poi.openxml4j.opc.PackageRelationshipCollection - Parsing relationship: /_rels/.rels
16:53:20.696 [main] DEBUG org.apache.poi.openxml4j.opc.PackageRelationshipCollection - Parsing relationship: /xl/_rels/workbook.xml.rels
16:53:20.697 [main] DEBUG org.apache.poi.openxml4j.opc.PackageRelationshipCollection - Parsing relationship: /xl/worksheets/_rels/sheet1.xml.rels
16:53:20.697 [main] DEBUG org.apache.poi.openxml4j.opc.PackageRelationshipCollection - Parsing relationship: /_rels/.rels
16:53:20.707 [main] DEBUG org.apache.poi.openxml4j.opc.PackageRelationshipCollection - Parsing relationship: /xl/_rels/workbook.xml.rels
16:53:20.707 [main] DEBUG org.apache.poi.openxml4j.opc.PackageRelationshipCollection - Parsing relationship: /xl/worksheets/_rels/sheet1.xml.rels
16:53:20.708 [main] DEBUG org.apache.poi.openxml4j.opc.PackageRelationshipCollection - Parsing relationship: /_rels/.rels
16:53:20.715 [main] DEBUG org.apache.poi.openxml4j.opc.PackageRelationshipCollection - Parsing relationship: /xl/_rels/workbook.xml.rels
16:53:20.715 [main] DEBUG org.apache.poi.openxml4j.opc.PackageRelationshipCollection - Parsing relationship: /xl/worksheets/_rels/sheet1.xml.rels
16:53:20.715 [main] DEBUG org.apache.poi.openxml4j.opc.PackageRelationshipCollection - Parsing relationship: /_rels/.rels
16:53:20.723 [main] DEBUG org.apache.poi.openxml4j.opc.PackageRelationshipCollection - Parsing relationship: /xl/_rels/workbook.xml.rels
16:53:20.723 [main] DEBUG org.apache.poi.openxml4j.opc.PackageRelationshipCollection - Parsing relationship: /xl/worksheets/_rels/sheet1.xml.rels
16:53:20.724 [main] DEBUG org.apache.poi.openxml4j.opc.PackageRelationshipCollection - Parsing relationship: /_rels/.rels
16:53:20.735 [main] DEBUG org.apache.poi.openxml4j.opc.PackageRelationshipCollection - Parsing relationship: /xl/_rels/workbook.xml.rels
16:53:20.735 [main] DEBUG org.apache.poi.openxml4j.opc.PackageRelationshipCollection - Parsing relationship: /xl/worksheets/_rels/sheet1.xml.rels
16:53:20.735 [main] DEBUG org.apache.poi.openxml4j.opc.PackageRelationshipCollection - Parsing relationship: /_rels/.rels
16:53:20.743 [main] DEBUG org.apache.poi.openxml4j.opc.PackageRelationshipCollection - Parsing relationship: /xl/_rels/workbook.xml.rels
16:53:20.743 [main] DEBUG org.apache.poi.openxml4j.opc.PackageRelationshipCollection - Parsing relationship: /xl/worksheets/_rels/sheet1.xml.rels
16:53:20.744 [main] DEBUG org.apache.poi.openxml4j.opc.PackageRelationshipCollection - Parsing relationship: /_rels/.rels
16:53:20.752 [main] DEBUG org.apache.poi.openxml4j.opc.PackageRelationshipCollection - Parsing relationship: /xl/_rels/workbook.xml.rels
16:53:20.752 [main] DEBUG org.apache.poi.openxml4j.opc.PackageRelationshipCollection - Parsing relationship: /xl/worksheets/_rels/sheet1.xml.rels
16:53:20.752 [main] DEBUG org.apache.poi.openxml4j.opc.PackageRelationshipCollection - Parsing relationship: /_rels/.rels
16:53:20.760 [main] DEBUG org.apache.poi.openxml4j.opc.PackageRelationshipCollection - Parsing relationship: /xl/_rels/workbook.xml.rels
16:53:20.761 [main] DEBUG org.apache.poi.openxml4j.opc.PackageRelationshipCollection - Parsing relationship: /xl/worksheets/_rels/sheet1.xml.rels
16:53:20.761 [main] DEBUG org.apache.poi.openxml4j.opc.PackageRelationshipCollection - Parsing relationship: /_rels/.rels
16:53:20.782 [main] DEBUG org.apache.poi.openxml4j.opc.PackageRelationshipCollection - Parsing relationship: /xl/_rels/workbook.xml.rels
16:53:20.782 [main] DEBUG org.apache.poi.openxml4j.opc.PackageRelationshipCollection - Parsing relationship: /xl/worksheets/_rels/sheet1.xml.rels
16:53:20.782 [main] DEBUG org.apache.poi.openxml4j.opc.PackageRelationshipCollection - Parsing relationship: /_rels/.rels
16:53:20.807 [main] INFO  testCases.TC003_LoginDDT - ------- STARTING TEST CASE TC003_LoginDDT -------
16:53:23.173 [main] INFO  testCases.TC003_LoginDDT - ------- TEST CASE TC003_LoginDDT COMPLETE -------
16:53:23.174 [main] INFO  testCases.TC003_LoginDDT - ------- STARTING TEST CASE TC003_LoginDDT -------
16:53:44.361 [main] INFO  testCases.TC003_LoginDDT - TEST FAILED
16:53:44.361 [main] INFO  testCases.TC003_LoginDDT - ------- TEST CASE TC003_LoginDDT COMPLETE -------
16:53:44.364 [main] INFO  testCases.TC003_LoginDDT - ------- STARTING TEST CASE TC003_LoginDDT -------
16:54:05.586 [main] INFO  testCases.TC003_LoginDDT - TEST FAILED
16:54:05.586 [main] INFO  testCases.TC003_LoginDDT - ------- TEST CASE TC003_LoginDDT COMPLETE -------
16:54:05.587 [main] INFO  testCases.TC003_LoginDDT - ------- STARTING TEST CASE TC003_LoginDDT -------
16:54:27.285 [main] INFO  testCases.TC003_LoginDDT - TEST FAILED
16:54:27.285 [main] INFO  testCases.TC003_LoginDDT - ------- TEST CASE TC003_LoginDDT COMPLETE -------
16:54:27.286 [main] INFO  testCases.TC003_LoginDDT - ------- STARTING TEST CASE TC003_LoginDDT -------
16:57:17.706 [main] DEBUG org.testng.TestNG - suiteXmlPath: "C:\Automation\OpencartVer001\testng_master.xml"
16:57:17.856 [main] INFO  org.testng.internal.Utils - [TestNG] Running:
  C:\Automation\OpencartVer001\testng_master.xml

16:57:23.925 [main] DEBUG org.apache.poi.openxml4j.opc.PackageRelationshipCollection - Parsing relationship: /xl/_rels/workbook.xml.rels
16:57:23.926 [main] DEBUG org.apache.poi.openxml4j.opc.PackageRelationshipCollection - Parsing relationship: /xl/worksheets/_rels/sheet1.xml.rels
16:57:23.927 [main] DEBUG org.apache.poi.openxml4j.opc.PackageRelationshipCollection - Parsing relationship: /_rels/.rels
16:57:24.178 [main] DEBUG org.apache.poi.openxml4j.opc.PackageRelationshipCollection - Parsing relationship: /xl/_rels/workbook.xml.rels
16:57:24.178 [main] DEBUG org.apache.poi.openxml4j.opc.PackageRelationshipCollection - Parsing relationship: /xl/worksheets/_rels/sheet1.xml.rels
16:57:24.179 [main] DEBUG org.apache.poi.openxml4j.opc.PackageRelationshipCollection - Parsing relationship: /_rels/.rels
16:57:24.196 [main] DEBUG org.apache.poi.openxml4j.opc.PackageRelationshipCollection - Parsing relationship: /xl/_rels/workbook.xml.rels
16:57:24.197 [main] DEBUG org.apache.poi.openxml4j.opc.PackageRelationshipCollection - Parsing relationship: /xl/worksheets/_rels/sheet1.xml.rels
16:57:24.198 [main] DEBUG org.apache.poi.openxml4j.opc.PackageRelationshipCollection - Parsing relationship: /_rels/.rels
16:57:24.214 [main] DEBUG org.apache.poi.openxml4j.opc.PackageRelationshipCollection - Parsing relationship: /xl/_rels/workbook.xml.rels
16:57:24.214 [main] DEBUG org.apache.poi.openxml4j.opc.PackageRelationshipCollection - Parsing relationship: /xl/worksheets/_rels/sheet1.xml.rels
16:57:24.215 [main] DEBUG org.apache.poi.openxml4j.opc.PackageRelationshipCollection - Parsing relationship: /_rels/.rels
16:57:24.228 [main] DEBUG org.apache.poi.openxml4j.opc.PackageRelationshipCollection - Parsing relationship: /xl/_rels/workbook.xml.rels
16:57:24.229 [main] DEBUG org.apache.poi.openxml4j.opc.PackageRelationshipCollection - Parsing relationship: /xl/worksheets/_rels/sheet1.xml.rels
16:57:24.229 [main] DEBUG org.apache.poi.openxml4j.opc.PackageRelationshipCollection - Parsing relationship: /_rels/.rels
16:57:24.240 [main] DEBUG org.apache.poi.openxml4j.opc.PackageRelationshipCollection - Parsing relationship: /xl/_rels/workbook.xml.rels
16:57:24.241 [main] DEBUG org.apache.poi.openxml4j.opc.PackageRelationshipCollection - Parsing relationship: /xl/worksheets/_rels/sheet1.xml.rels
16:57:24.241 [main] DEBUG org.apache.poi.openxml4j.opc.PackageRelationshipCollection - Parsing relationship: /_rels/.rels
16:57:24.254 [main] DEBUG org.apache.poi.openxml4j.opc.PackageRelationshipCollection - Parsing relationship: /xl/_rels/workbook.xml.rels
16:57:24.254 [main] DEBUG org.apache.poi.openxml4j.opc.PackageRelationshipCollection - Parsing relationship: /xl/worksheets/_rels/sheet1.xml.rels
16:57:24.254 [main] DEBUG org.apache.poi.openxml4j.opc.PackageRelationshipCollection - Parsing relationship: /_rels/.rels
16:57:24.264 [main] DEBUG org.apache.poi.openxml4j.opc.PackageRelationshipCollection - Parsing relationship: /xl/_rels/workbook.xml.rels
16:57:24.264 [main] DEBUG org.apache.poi.openxml4j.opc.PackageRelationshipCollection - Parsing relationship: /xl/worksheets/_rels/sheet1.xml.rels
16:57:24.265 [main] DEBUG org.apache.poi.openxml4j.opc.PackageRelationshipCollection - Parsing relationship: /_rels/.rels
16:57:24.274 [main] DEBUG org.apache.poi.openxml4j.opc.PackageRelationshipCollection - Parsing relationship: /xl/_rels/workbook.xml.rels
16:57:24.275 [main] DEBUG org.apache.poi.openxml4j.opc.PackageRelationshipCollection - Parsing relationship: /xl/worksheets/_rels/sheet1.xml.rels
16:57:24.275 [main] DEBUG org.apache.poi.openxml4j.opc.PackageRelationshipCollection - Parsing relationship: /_rels/.rels
16:57:24.284 [main] DEBUG org.apache.poi.openxml4j.opc.PackageRelationshipCollection - Parsing relationship: /xl/_rels/workbook.xml.rels
16:57:24.284 [main] DEBUG org.apache.poi.openxml4j.opc.PackageRelationshipCollection - Parsing relationship: /xl/worksheets/_rels/sheet1.xml.rels
16:57:24.284 [main] DEBUG org.apache.poi.openxml4j.opc.PackageRelationshipCollection - Parsing relationship: /_rels/.rels
16:57:24.292 [main] DEBUG org.apache.poi.openxml4j.opc.PackageRelationshipCollection - Parsing relationship: /xl/_rels/workbook.xml.rels
16:57:24.292 [main] DEBUG org.apache.poi.openxml4j.opc.PackageRelationshipCollection - Parsing relationship: /xl/worksheets/_rels/sheet1.xml.rels
16:57:24.293 [main] DEBUG org.apache.poi.openxml4j.opc.PackageRelationshipCollection - Parsing relationship: /_rels/.rels
16:57:24.301 [main] DEBUG org.apache.poi.openxml4j.opc.PackageRelationshipCollection - Parsing relationship: /xl/_rels/workbook.xml.rels
16:57:24.301 [main] DEBUG org.apache.poi.openxml4j.opc.PackageRelationshipCollection - Parsing relationship: /xl/worksheets/_rels/sheet1.xml.rels
16:57:24.302 [main] DEBUG org.apache.poi.openxml4j.opc.PackageRelationshipCollection - Parsing relationship: /_rels/.rels
16:57:24.312 [main] DEBUG org.apache.poi.openxml4j.opc.PackageRelationshipCollection - Parsing relationship: /xl/_rels/workbook.xml.rels
16:57:24.312 [main] DEBUG org.apache.poi.openxml4j.opc.PackageRelationshipCollection - Parsing relationship: /xl/worksheets/_rels/sheet1.xml.rels
16:57:24.313 [main] DEBUG org.apache.poi.openxml4j.opc.PackageRelationshipCollection - Parsing relationship: /_rels/.rels
16:57:24.323 [main] DEBUG org.apache.poi.openxml4j.opc.PackageRelationshipCollection - Parsing relationship: /xl/_rels/workbook.xml.rels
16:57:24.323 [main] DEBUG org.apache.poi.openxml4j.opc.PackageRelationshipCollection - Parsing relationship: /xl/worksheets/_rels/sheet1.xml.rels
16:57:24.324 [main] DEBUG org.apache.poi.openxml4j.opc.PackageRelationshipCollection - Parsing relationship: /_rels/.rels
16:57:24.333 [main] DEBUG org.apache.poi.openxml4j.opc.PackageRelationshipCollection - Parsing relationship: /xl/_rels/workbook.xml.rels
16:57:24.333 [main] DEBUG org.apache.poi.openxml4j.opc.PackageRelationshipCollection - Parsing relationship: /xl/worksheets/_rels/sheet1.xml.rels
16:57:24.334 [main] DEBUG org.apache.poi.openxml4j.opc.PackageRelationshipCollection - Parsing relationship: /_rels/.rels
16:57:24.341 [main] DEBUG org.apache.poi.openxml4j.opc.PackageRelationshipCollection - Parsing relationship: /xl/_rels/workbook.xml.rels
16:57:24.341 [main] DEBUG org.apache.poi.openxml4j.opc.PackageRelationshipCollection - Parsing relationship: /xl/worksheets/_rels/sheet1.xml.rels
16:57:24.342 [main] DEBUG org.apache.poi.openxml4j.opc.PackageRelationshipCollection - Parsing relationship: /_rels/.rels
16:57:24.361 [main] DEBUG org.apache.poi.openxml4j.opc.PackageRelationshipCollection - Parsing relationship: /xl/_rels/workbook.xml.rels
16:57:24.361 [main] DEBUG org.apache.poi.openxml4j.opc.PackageRelationshipCollection - Parsing relationship: /xl/worksheets/_rels/sheet1.xml.rels
16:57:24.361 [main] DEBUG org.apache.poi.openxml4j.opc.PackageRelationshipCollection - Parsing relationship: /_rels/.rels
16:57:24.385 [main] INFO  testCases.TC003_LoginDDT - ------- STARTING TEST CASE TC003_LoginDDT -------
16:57:27.001 [main] INFO  testCases.TC003_LoginDDT - ------- TEST CASE TC003_LoginDDT COMPLETE -------
16:57:27.003 [main] INFO  testCases.TC003_LoginDDT - ------- STARTING TEST CASE TC003_LoginDDT -------
16:57:45.667 [main] INFO  testCases.TC003_LoginDDT - TEST FAILED
16:57:45.667 [main] INFO  testCases.TC003_LoginDDT - ------- TEST CASE TC003_LoginDDT COMPLETE -------
16:57:45.670 [main] INFO  testCases.TC003_LoginDDT - ------- STARTING TEST CASE TC003_LoginDDT -------
16:57:45.674 [main] INFO  testCases.TC003_LoginDDT - TEST FAILED
16:57:45.674 [main] INFO  testCases.TC003_LoginDDT - ------- TEST CASE TC003_LoginDDT COMPLETE -------
16:57:45.675 [main] INFO  testCases.TC003_LoginDDT - ------- STARTING TEST CASE TC003_LoginDDT -------
16:57:45.679 [main] INFO  testCases.TC003_LoginDDT - TEST FAILED
16:57:45.679 [main] INFO  testCases.TC003_LoginDDT - ------- TEST CASE TC003_LoginDDT COMPLETE -------
16:57:45.680 [main] INFO  testCases.TC003_LoginDDT - ------- STARTING TEST CASE TC003_LoginDDT -------
16:57:45.683 [main] INFO  testCases.TC003_LoginDDT - TEST FAILED
16:57:45.683 [main] INFO  testCases.TC003_LoginDDT - ------- TEST CASE TC003_LoginDDT COMPLETE -------
16:59:13.548 [main] DEBUG org.testng.TestNG - suiteXmlPath: "C:\Automation\OpencartVer001\testng_master.xml"
16:59:13.697 [main] INFO  org.testng.internal.Utils - [TestNG] Running:
  C:\Automation\OpencartVer001\testng_master.xml

16:59:18.971 [main] DEBUG org.apache.poi.openxml4j.opc.PackageRelationshipCollection - Parsing relationship: /xl/_rels/workbook.xml.rels
16:59:18.972 [main] DEBUG org.apache.poi.openxml4j.opc.PackageRelationshipCollection - Parsing relationship: /xl/worksheets/_rels/sheet1.xml.rels
16:59:18.973 [main] DEBUG org.apache.poi.openxml4j.opc.PackageRelationshipCollection - Parsing relationship: /_rels/.rels
16:59:19.221 [main] DEBUG org.apache.poi.openxml4j.opc.PackageRelationshipCollection - Parsing relationship: /xl/_rels/workbook.xml.rels
16:59:19.223 [main] DEBUG org.apache.poi.openxml4j.opc.PackageRelationshipCollection - Parsing relationship: /xl/worksheets/_rels/sheet1.xml.rels
16:59:19.223 [main] DEBUG org.apache.poi.openxml4j.opc.PackageRelationshipCollection - Parsing relationship: /_rels/.rels
16:59:19.239 [main] DEBUG org.apache.poi.openxml4j.opc.PackageRelationshipCollection - Parsing relationship: /xl/_rels/workbook.xml.rels
16:59:19.240 [main] DEBUG org.apache.poi.openxml4j.opc.PackageRelationshipCollection - Parsing relationship: /xl/worksheets/_rels/sheet1.xml.rels
16:59:19.240 [main] DEBUG org.apache.poi.openxml4j.opc.PackageRelationshipCollection - Parsing relationship: /_rels/.rels
16:59:19.255 [main] DEBUG org.apache.poi.openxml4j.opc.PackageRelationshipCollection - Parsing relationship: /xl/_rels/workbook.xml.rels
16:59:19.256 [main] DEBUG org.apache.poi.openxml4j.opc.PackageRelationshipCollection - Parsing relationship: /xl/worksheets/_rels/sheet1.xml.rels
16:59:19.256 [main] DEBUG org.apache.poi.openxml4j.opc.PackageRelationshipCollection - Parsing relationship: /_rels/.rels
16:59:19.266 [main] DEBUG org.apache.poi.openxml4j.opc.PackageRelationshipCollection - Parsing relationship: /xl/_rels/workbook.xml.rels
16:59:19.267 [main] DEBUG org.apache.poi.openxml4j.opc.PackageRelationshipCollection - Parsing relationship: /xl/worksheets/_rels/sheet1.xml.rels
16:59:19.267 [main] DEBUG org.apache.poi.openxml4j.opc.PackageRelationshipCollection - Parsing relationship: /_rels/.rels
16:59:19.277 [main] DEBUG org.apache.poi.openxml4j.opc.PackageRelationshipCollection - Parsing relationship: /xl/_rels/workbook.xml.rels
16:59:19.277 [main] DEBUG org.apache.poi.openxml4j.opc.PackageRelationshipCollection - Parsing relationship: /xl/worksheets/_rels/sheet1.xml.rels
16:59:19.277 [main] DEBUG org.apache.poi.openxml4j.opc.PackageRelationshipCollection - Parsing relationship: /_rels/.rels
16:59:19.286 [main] DEBUG org.apache.poi.openxml4j.opc.PackageRelationshipCollection - Parsing relationship: /xl/_rels/workbook.xml.rels
16:59:19.287 [main] DEBUG org.apache.poi.openxml4j.opc.PackageRelationshipCollection - Parsing relationship: /xl/worksheets/_rels/sheet1.xml.rels
16:59:19.287 [main] DEBUG org.apache.poi.openxml4j.opc.PackageRelationshipCollection - Parsing relationship: /_rels/.rels
16:59:19.296 [main] DEBUG org.apache.poi.openxml4j.opc.PackageRelationshipCollection - Parsing relationship: /xl/_rels/workbook.xml.rels
16:59:19.296 [main] DEBUG org.apache.poi.openxml4j.opc.PackageRelationshipCollection - Parsing relationship: /xl/worksheets/_rels/sheet1.xml.rels
16:59:19.297 [main] DEBUG org.apache.poi.openxml4j.opc.PackageRelationshipCollection - Parsing relationship: /_rels/.rels
16:59:19.304 [main] DEBUG org.apache.poi.openxml4j.opc.PackageRelationshipCollection - Parsing relationship: /xl/_rels/workbook.xml.rels
16:59:19.305 [main] DEBUG org.apache.poi.openxml4j.opc.PackageRelationshipCollection - Parsing relationship: /xl/worksheets/_rels/sheet1.xml.rels
16:59:19.305 [main] DEBUG org.apache.poi.openxml4j.opc.PackageRelationshipCollection - Parsing relationship: /_rels/.rels
16:59:19.312 [main] DEBUG org.apache.poi.openxml4j.opc.PackageRelationshipCollection - Parsing relationship: /xl/_rels/workbook.xml.rels
16:59:19.312 [main] DEBUG org.apache.poi.openxml4j.opc.PackageRelationshipCollection - Parsing relationship: /xl/worksheets/_rels/sheet1.xml.rels
16:59:19.312 [main] DEBUG org.apache.poi.openxml4j.opc.PackageRelationshipCollection - Parsing relationship: /_rels/.rels
16:59:19.319 [main] DEBUG org.apache.poi.openxml4j.opc.PackageRelationshipCollection - Parsing relationship: /xl/_rels/workbook.xml.rels
16:59:19.319 [main] DEBUG org.apache.poi.openxml4j.opc.PackageRelationshipCollection - Parsing relationship: /xl/worksheets/_rels/sheet1.xml.rels
16:59:19.320 [main] DEBUG org.apache.poi.openxml4j.opc.PackageRelationshipCollection - Parsing relationship: /_rels/.rels
16:59:19.327 [main] DEBUG org.apache.poi.openxml4j.opc.PackageRelationshipCollection - Parsing relationship: /xl/_rels/workbook.xml.rels
16:59:19.327 [main] DEBUG org.apache.poi.openxml4j.opc.PackageRelationshipCollection - Parsing relationship: /xl/worksheets/_rels/sheet1.xml.rels
16:59:19.328 [main] DEBUG org.apache.poi.openxml4j.opc.PackageRelationshipCollection - Parsing relationship: /_rels/.rels
16:59:19.337 [main] DEBUG org.apache.poi.openxml4j.opc.PackageRelationshipCollection - Parsing relationship: /xl/_rels/workbook.xml.rels
16:59:19.338 [main] DEBUG org.apache.poi.openxml4j.opc.PackageRelationshipCollection - Parsing relationship: /xl/worksheets/_rels/sheet1.xml.rels
16:59:19.338 [main] DEBUG org.apache.poi.openxml4j.opc.PackageRelationshipCollection - Parsing relationship: /_rels/.rels
16:59:19.344 [main] DEBUG org.apache.poi.openxml4j.opc.PackageRelationshipCollection - Parsing relationship: /xl/_rels/workbook.xml.rels
16:59:19.346 [main] DEBUG org.apache.poi.openxml4j.opc.PackageRelationshipCollection - Parsing relationship: /xl/worksheets/_rels/sheet1.xml.rels
16:59:19.346 [main] DEBUG org.apache.poi.openxml4j.opc.PackageRelationshipCollection - Parsing relationship: /_rels/.rels
16:59:19.353 [main] DEBUG org.apache.poi.openxml4j.opc.PackageRelationshipCollection - Parsing relationship: /xl/_rels/workbook.xml.rels
16:59:19.354 [main] DEBUG org.apache.poi.openxml4j.opc.PackageRelationshipCollection - Parsing relationship: /xl/worksheets/_rels/sheet1.xml.rels
16:59:19.354 [main] DEBUG org.apache.poi.openxml4j.opc.PackageRelationshipCollection - Parsing relationship: /_rels/.rels
16:59:19.361 [main] DEBUG org.apache.poi.openxml4j.opc.PackageRelationshipCollection - Parsing relationship: /xl/_rels/workbook.xml.rels
16:59:19.361 [main] DEBUG org.apache.poi.openxml4j.opc.PackageRelationshipCollection - Parsing relationship: /xl/worksheets/_rels/sheet1.xml.rels
16:59:19.361 [main] DEBUG org.apache.poi.openxml4j.opc.PackageRelationshipCollection - Parsing relationship: /_rels/.rels
16:59:19.381 [main] DEBUG org.apache.poi.openxml4j.opc.PackageRelationshipCollection - Parsing relationship: /xl/_rels/workbook.xml.rels
16:59:19.381 [main] DEBUG org.apache.poi.openxml4j.opc.PackageRelationshipCollection - Parsing relationship: /xl/worksheets/_rels/sheet1.xml.rels
16:59:19.381 [main] DEBUG org.apache.poi.openxml4j.opc.PackageRelationshipCollection - Parsing relationship: /_rels/.rels
16:59:19.406 [main] INFO  testCases.TC003_LoginDDT - ------- STARTING TEST CASE TC003_LoginDDT -------
16:59:21.666 [main] INFO  testCases.TC003_LoginDDT - ------- TEST CASE TC003_LoginDDT COMPLETE -------
16:59:21.667 [main] INFO  testCases.TC003_LoginDDT - ------- STARTING TEST CASE TC003_LoginDDT -------
16:59:32.893 [main] INFO  testCases.TC003_LoginDDT - ------- TEST CASE TC003_LoginDDT COMPLETE -------
16:59:32.894 [main] INFO  testCases.TC003_LoginDDT - ------- STARTING TEST CASE TC003_LoginDDT -------
16:59:44.056 [main] INFO  testCases.TC003_LoginDDT - ------- TEST CASE TC003_LoginDDT COMPLETE -------
16:59:44.057 [main] INFO  testCases.TC003_LoginDDT - ------- STARTING TEST CASE TC003_LoginDDT -------
16:59:55.036 [main] INFO  testCases.TC003_LoginDDT - ------- TEST CASE TC003_LoginDDT COMPLETE -------
16:59:55.037 [main] INFO  testCases.TC003_LoginDDT - ------- STARTING TEST CASE TC003_LoginDDT -------
16:59:57.555 [main] INFO  testCases.TC003_LoginDDT - ------- TEST CASE TC003_LoginDDT COMPLETE -------
21:32:04.621 [main] DEBUG org.testng.TestNG - suiteXmlPath: "C:\Automation\OpencartVer001\testng_grouping.xml"
21:32:04.796 [main] INFO  org.testng.internal.Utils - [TestNG] Running:
  C:\Automation\OpencartVer001\testng_grouping.xml

21:32:10.067 [main] INFO  testCases.TC001_AccountRegistrationTest - #### STARTING TC001_AccountRegistrationTest ####
21:32:10.160 [main] INFO  testCases.TC001_AccountRegistrationTest - CLICKED ON MyAccount LINK
21:32:10.805 [main] INFO  testCases.TC001_AccountRegistrationTest - CLICKED ON Register LINK
21:32:10.806 [main] INFO  testCases.TC001_AccountRegistrationTest - INPUTTING CUSTOMER REGISTRATION DETAILS...
21:32:12.295 [main] INFO  testCases.TC001_AccountRegistrationTest - VALIDATING EXPECTED MESSAGE...
21:32:12.316 [main] INFO  testCases.TC001_AccountRegistrationTest - #### TC001_AccountRegistrationTest COMPLETE ####
21:32:18.439 [main] INFO  testCases.TC002_LoginTest - ------- STARTING TC002_LoginTest -------
21:32:19.911 [main] INFO  testCases.TC002_LoginTest - ------- TC002_LoginTest COMPLETE -------
21:32:35.027 [main] DEBUG org.testng.TestNG - suiteXmlPath: "C:\Automation\OpencartVer001\testng_grouping.xml"
21:32:35.191 [main] INFO  org.testng.internal.Utils - [TestNG] Running:
  C:\Automation\OpencartVer001\testng_grouping.xml

21:32:40.198 [main] INFO  testCases.TC002_LoginTest - ------- STARTING TC002_LoginTest -------
21:32:41.687 [main] INFO  testCases.TC002_LoginTest - ------- TC002_LoginTest COMPLETE -------
21:32:52.119 [main] DEBUG org.testng.TestNG - suiteXmlPath: "C:\Automation\OpencartVer001\testng_grouping.xml"
21:32:52.282 [main] INFO  org.testng.internal.Utils - [TestNG] Running:
  C:\Automation\OpencartVer001\testng_grouping.xml

21:32:57.466 [main] INFO  testCases.TC001_AccountRegistrationTest - #### STARTING TC001_AccountRegistrationTest ####
21:32:57.530 [main] INFO  testCases.TC001_AccountRegistrationTest - CLICKED ON MyAccount LINK
21:32:58.190 [main] INFO  testCases.TC001_AccountRegistrationTest - CLICKED ON Register LINK
21:32:58.191 [main] INFO  testCases.TC001_AccountRegistrationTest - INPUTTING CUSTOMER REGISTRATION DETAILS...
21:32:59.498 [main] INFO  testCases.TC001_AccountRegistrationTest - VALIDATING EXPECTED MESSAGE...
21:32:59.521 [main] INFO  testCases.TC001_AccountRegistrationTest - #### TC001_AccountRegistrationTest COMPLETE ####
22:59:09.687 [main] DEBUG org.testng.TestNG - suiteXmlPath: "C:\Automation\OpencartVer001\testng_grouping.xml"
22:59:09.855 [main] INFO  org.testng.internal.Utils - [TestNG] Running:
  C:\Automation\OpencartVer001\testng_grouping.xml

22:59:15.138 [main] INFO  testCases.TC001_AccountRegistrationTest - #### STARTING TC001_AccountRegistrationTest ####
22:59:15.201 [main] INFO  testCases.TC001_AccountRegistrationTest - CLICKED ON MyAccount LINK
22:59:15.824 [main] INFO  testCases.TC001_AccountRegistrationTest - CLICKED ON Register LINK
22:59:15.825 [main] INFO  testCases.TC001_AccountRegistrationTest - INPUTTING CUSTOMER REGISTRATION DETAILS...
22:59:17.069 [main] INFO  testCases.TC001_AccountRegistrationTest - VALIDATING EXPECTED MESSAGE...
22:59:17.088 [main] INFO  testCases.TC001_AccountRegistrationTest - #### TC001_AccountRegistrationTest COMPLETE ####
22:59:23.193 [main] INFO  testCases.TC002_LoginTest - ------- STARTING TC002_LoginTest -------
22:59:24.622 [main] INFO  testCases.TC002_LoginTest - ------- TC002_LoginTest COMPLETE -------
23:04:05.718 [main] DEBUG org.testng.TestNG - suiteXmlPath: "C:\Automation\OpencartVer001\testng_grouping.xml"
23:04:05.885 [main] INFO  org.testng.internal.Utils - [TestNG] Running:
  C:\Automation\OpencartVer001\testng_grouping.xml

23:04:06.008 [main] INFO  testCases.TC001_AccountRegistrationTest - #### STARTING TC001_AccountRegistrationTest ####
23:04:06.019 [main] ERROR testCases.TC001_AccountRegistrationTest - ********** TEST FAILED **********
23:04:06.019 [main] DEBUG testCases.TC001_AccountRegistrationTest - LOGGING EXCEPTION (DEBUG)...
23:15:05.751 [main] DEBUG org.testng.TestNG - suiteXmlPath: "C:\Automation\OpencartVer001\testng_grouping.xml"
23:15:05.912 [main] INFO  org.testng.internal.Utils - [TestNG] Running:
  C:\Automation\OpencartVer001\testng_grouping.xml

23:15:06.040 [main] INFO  testCases.TC001_AccountRegistrationTest - #### STARTING TC001_AccountRegistrationTest ####
23:15:06.051 [main] ERROR testCases.TC001_AccountRegistrationTest - ********** TEST FAILED **********
23:15:06.051 [main] DEBUG testCases.TC001_AccountRegistrationTest - LOGGING EXCEPTION (DEBUG)...
23:15:44.014 [main] DEBUG org.testng.TestNG - suiteXmlPath: "C:\Automation\OpencartVer001\testng_grouping.xml"
23:15:44.173 [main] INFO  org.testng.internal.Utils - [TestNG] Running:
  C:\Automation\OpencartVer001\testng_grouping.xml

23:15:44.294 [main] INFO  testCases.TC001_AccountRegistrationTest - #### STARTING TC001_AccountRegistrationTest ####
23:15:44.306 [main] ERROR testCases.TC001_AccountRegistrationTest - ********** TEST FAILED **********
23:15:44.306 [main] DEBUG testCases.TC001_AccountRegistrationTest - LOGGING EXCEPTION (DEBUG)...
23:19:21.009 [main] DEBUG org.testng.TestNG - suiteXmlPath: "C:\Automation\OpencartVer001\testng_grouping.xml"
23:19:21.165 [main] INFO  org.testng.internal.Utils - [TestNG] Running:
  C:\Automation\OpencartVer001\testng_grouping.xml

23:19:21.288 [main] INFO  testCases.TC001_AccountRegistrationTest - #### STARTING TC001_AccountRegistrationTest ####
23:19:21.298 [main] ERROR testCases.TC001_AccountRegistrationTest - ********** TEST FAILED **********
23:19:21.298 [main] DEBUG testCases.TC001_AccountRegistrationTest - LOGGING EXCEPTION (DEBUG)...
23:22:03.116 [main] DEBUG org.testng.TestNG - suiteXmlPath: "C:\Automation\OpencartVer001\testng_grouping.xml"
23:22:03.281 [main] INFO  org.testng.internal.Utils - [TestNG] Running:
  C:\Automation\OpencartVer001\testng_grouping.xml

23:22:08.478 [main] INFO  testCases.TC001_AccountRegistrationTest - #### STARTING TC001_AccountRegistrationTest ####
23:22:08.545 [main] INFO  testCases.TC001_AccountRegistrationTest - CLICKED ON MyAccount LINK
23:22:09.199 [main] INFO  testCases.TC001_AccountRegistrationTest - CLICKED ON Register LINK
23:22:09.200 [main] INFO  testCases.TC001_AccountRegistrationTest - INPUTTING CUSTOMER REGISTRATION DETAILS...
23:22:10.501 [main] INFO  testCases.TC001_AccountRegistrationTest - VALIDATING EXPECTED MESSAGE...
23:22:10.523 [main] INFO  testCases.TC001_AccountRegistrationTest - #### TC001_AccountRegistrationTest COMPLETE ####
23:22:16.608 [main] INFO  testCases.TC002_LoginTest - ------- STARTING TC002_LoginTest -------
23:22:18.039 [main] INFO  testCases.TC002_LoginTest - ------- TC002_LoginTest COMPLETE -------
23:22:49.608 [main] DEBUG org.testng.TestNG - suiteXmlPath: "C:\Automation\OpencartVer001\testng_grouping.xml"
23:22:49.769 [main] INFO  org.testng.internal.Utils - [TestNG] Running:
  C:\Automation\OpencartVer001\testng_grouping.xml

23:22:54.871 [main] INFO  testCases.TC001_AccountRegistrationTest - #### STARTING TC001_AccountRegistrationTest ####
23:22:54.935 [main] INFO  testCases.TC001_AccountRegistrationTest - CLICKED ON MyAccount LINK
23:22:55.558 [main] INFO  testCases.TC001_AccountRegistrationTest - CLICKED ON Register LINK
23:22:55.559 [main] INFO  testCases.TC001_AccountRegistrationTest - INPUTTING CUSTOMER REGISTRATION DETAILS...
23:22:56.835 [main] INFO  testCases.TC001_AccountRegistrationTest - VALIDATING EXPECTED MESSAGE...
23:22:56.854 [main] INFO  testCases.TC001_AccountRegistrationTest - #### TC001_AccountRegistrationTest COMPLETE ####
23:23:02.922 [main] INFO  testCases.TC002_LoginTest - ------- STARTING TC002_LoginTest -------
23:27:43.811 [main] DEBUG org.testng.TestNG - suiteXmlPath: "C:\Automation\OpencartVer001\testng_master.xml"
23:27:43.976 [main] INFO  org.testng.internal.Utils - [TestNG] Running:
  C:\Automation\OpencartVer001\testng_master.xml

23:27:49.131 [main] INFO  testCases.TC001_AccountRegistrationTest - #### STARTING TC001_AccountRegistrationTest ####
23:27:49.195 [main] INFO  testCases.TC001_AccountRegistrationTest - CLICKED ON MyAccount LINK
23:27:49.827 [main] INFO  testCases.TC001_AccountRegistrationTest - CLICKED ON Register LINK
23:27:49.829 [main] INFO  testCases.TC001_AccountRegistrationTest - INPUTTING CUSTOMER REGISTRATION DETAILS...
23:27:51.214 [main] INFO  testCases.TC001_AccountRegistrationTest - VALIDATING EXPECTED MESSAGE...
23:27:51.231 [main] INFO  testCases.TC001_AccountRegistrationTest - #### TC001_AccountRegistrationTest COMPLETE ####
23:27:57.269 [main] INFO  testCases.TC002_LoginTest - ------- STARTING TC002_LoginTest -------
23:29:03.492 [main] DEBUG org.testng.TestNG - suiteXmlPath: "C:\Automation\OpencartVer001\test-output\testng-failed.xml"
23:29:03.662 [main] INFO  org.testng.internal.Utils - [TestNG] Running:
  C:\Automation\OpencartVer001\test-output\testng-failed.xml

23:29:08.822 [main] INFO  testCases.TC002_LoginTest - ------- STARTING TC002_LoginTest -------
23:29:10.169 [main] INFO  testCases.TC002_LoginTest - ------- TC002_LoginTest COMPLETE -------
23:30:07.977 [main] DEBUG org.testng.TestNG - suiteXmlPath: "C:\Automation\OpencartVer001\testng_master.xml"
23:30:08.146 [main] INFO  org.testng.internal.Utils - [TestNG] Running:
  C:\Automation\OpencartVer001\testng_master.xml

23:30:13.345 [main] INFO  testCases.TC001_AccountRegistrationTest - #### STARTING TC001_AccountRegistrationTest ####
23:30:13.418 [main] INFO  testCases.TC001_AccountRegistrationTest - CLICKED ON MyAccount LINK
23:30:14.086 [main] INFO  testCases.TC001_AccountRegistrationTest - CLICKED ON Register LINK
23:30:14.087 [main] INFO  testCases.TC001_AccountRegistrationTest - INPUTTING CUSTOMER REGISTRATION DETAILS...
23:30:15.561 [main] INFO  testCases.TC001_AccountRegistrationTest - VALIDATING EXPECTED MESSAGE...
23:30:22.012 [main] INFO  testCases.TC002_LoginTest - ------- STARTING TC002_LoginTest -------
23:30:23.481 [main] INFO  testCases.TC002_LoginTest - ------- TC002_LoginTest COMPLETE -------
23:33:24.153 [main] DEBUG org.testng.TestNG - suiteXmlPath: "C:\Automation\OpencartVer001\testng_master.xml"
23:33:24.315 [main] INFO  org.testng.internal.Utils - [TestNG] Running:
  C:\Automation\OpencartVer001\testng_master.xml

23:33:29.409 [main] INFO  testCases.TC001_AccountRegistrationTest - #### STARTING TC001_AccountRegistrationTest ####
23:33:29.472 [main] INFO  testCases.TC001_AccountRegistrationTest - CLICKED ON MyAccount LINK
23:33:30.100 [main] INFO  testCases.TC001_AccountRegistrationTest - CLICKED ON Register LINK
23:33:30.101 [main] INFO  testCases.TC001_AccountRegistrationTest - INPUTTING CUSTOMER REGISTRATION DETAILS...
23:33:31.338 [main] INFO  testCases.TC001_AccountRegistrationTest - VALIDATING EXPECTED MESSAGE...
23:33:31.359 [main] INFO  testCases.TC001_AccountRegistrationTest - #### TC001_AccountRegistrationTest COMPLETE ####
23:33:37.512 [main] INFO  testCases.TC002_LoginTest - ------- STARTING TC002_LoginTest -------
23:33:38.979 [main] INFO  testCases.TC002_LoginTest - ------- TC002_LoginTest COMPLETE -------
20:20:50.775 [main] DEBUG org.testng.TestNG - suiteXmlPath: "C:\Automation\OpencartVer001\testng_cross-browser-testing.xml"
20:20:50.965 [main] INFO  org.testng.internal.Utils - [TestNG] Running:
  C:\Automation\OpencartVer001\testng_cross-browser-testing.xml

20:20:55.503 [TestNG-tests-2] INFO  testCases.TC001_AccountRegistrationTest - #### STARTING TC001_AccountRegistrationTest ####
20:20:56.306 [TestNG-tests-1] INFO  testCases.TC001_AccountRegistrationTest - #### STARTING TC001_AccountRegistrationTest ####
20:20:56.358 [TestNG-tests-2] INFO  testCases.TC001_AccountRegistrationTest - CLICKED ON MyAccount LINK
20:20:56.386 [TestNG-tests-1] INFO  testCases.TC001_AccountRegistrationTest - CLICKED ON MyAccount LINK
20:21:01.462 [TestNG-tests-2] ERROR testCases.TC001_AccountRegistrationTest - ********** TEST FAILED **********
20:21:01.462 [TestNG-tests-2] DEBUG testCases.TC001_AccountRegistrationTest - LOGGING EXCEPTION (DEBUG)...
20:21:06.503 [TestNG-tests-1] ERROR testCases.TC001_AccountRegistrationTest - ********** TEST FAILED **********
20:21:06.503 [TestNG-tests-1] DEBUG testCases.TC001_AccountRegistrationTest - LOGGING EXCEPTION (DEBUG)...
20:21:13.631 [TestNG-tests-2] INFO  testCases.TC001_AccountRegistrationTest - #### STARTING TC001_AccountRegistrationTest ####
20:21:13.863 [TestNG-tests-2] INFO  testCases.TC001_AccountRegistrationTest - CLICKED ON MyAccount LINK
20:21:14.505 [TestNG-tests-2] INFO  testCases.TC001_AccountRegistrationTest - CLICKED ON Register LINK
20:21:14.507 [TestNG-tests-2] INFO  testCases.TC001_AccountRegistrationTest - INPUTTING CUSTOMER REGISTRATION DETAILS...
20:21:16.028 [TestNG-tests-2] INFO  testCases.TC001_AccountRegistrationTest - VALIDATING EXPECTED MESSAGE...
20:21:16.042 [TestNG-tests-2] INFO  testCases.TC001_AccountRegistrationTest - #### TC001_AccountRegistrationTest COMPLETE ####
20:22:11.149 [main] DEBUG org.testng.TestNG - suiteXmlPath: "C:\Automation\OpencartVer001\testng_cross-browser-testing.xml"
20:22:11.307 [main] INFO  org.testng.internal.Utils - [TestNG] Running:
  C:\Automation\OpencartVer001\testng_cross-browser-testing.xml

20:22:14.989 [TestNG-tests-2] INFO  testCases.TC001_AccountRegistrationTest - #### STARTING TC001_AccountRegistrationTest ####
20:22:16.632 [TestNG-tests-1] INFO  testCases.TC001_AccountRegistrationTest - #### STARTING TC001_AccountRegistrationTest ####
20:22:16.687 [TestNG-tests-2] INFO  testCases.TC001_AccountRegistrationTest - CLICKED ON MyAccount LINK
20:22:16.714 [TestNG-tests-1] INFO  testCases.TC001_AccountRegistrationTest - CLICKED ON MyAccount LINK
20:22:21.779 [TestNG-tests-2] ERROR testCases.TC001_AccountRegistrationTest - ********** TEST FAILED **********
20:22:21.779 [TestNG-tests-2] DEBUG testCases.TC001_AccountRegistrationTest - LOGGING EXCEPTION (DEBUG)...
20:22:26.790 [TestNG-tests-1] ERROR testCases.TC001_AccountRegistrationTest - ********** TEST FAILED **********
20:22:26.790 [TestNG-tests-1] DEBUG testCases.TC001_AccountRegistrationTest - LOGGING EXCEPTION (DEBUG)...
20:22:33.961 [TestNG-tests-2] INFO  testCases.TC001_AccountRegistrationTest - #### STARTING TC001_AccountRegistrationTest ####
20:22:34.188 [TestNG-tests-2] INFO  testCases.TC001_AccountRegistrationTest - CLICKED ON MyAccount LINK
20:22:34.812 [TestNG-tests-2] INFO  testCases.TC001_AccountRegistrationTest - CLICKED ON Register LINK
20:22:34.813 [TestNG-tests-2] INFO  testCases.TC001_AccountRegistrationTest - INPUTTING CUSTOMER REGISTRATION DETAILS...
20:22:36.036 [TestNG-tests-2] INFO  testCases.TC001_AccountRegistrationTest - VALIDATING EXPECTED MESSAGE...
20:22:36.046 [TestNG-tests-2] INFO  testCases.TC001_AccountRegistrationTest - #### TC001_AccountRegistrationTest COMPLETE ####
20:24:49.223 [main] DEBUG org.testng.TestNG - suiteXmlPath: "C:\Automation\OpencartVer001\testng_cross-browser-testing.xml"
20:24:49.388 [main] INFO  org.testng.internal.Utils - [TestNG] Running:
  C:\Automation\OpencartVer001\testng_cross-browser-testing.xml

20:24:53.350 [TestNG-tests-2] INFO  testCases.TC001_AccountRegistrationTest - #### STARTING TC001_AccountRegistrationTest ####
20:24:54.479 [TestNG-tests-1] INFO  testCases.TC001_AccountRegistrationTest - #### STARTING TC001_AccountRegistrationTest ####
20:24:54.533 [TestNG-tests-2] INFO  testCases.TC001_AccountRegistrationTest - CLICKED ON MyAccount LINK
20:24:54.561 [TestNG-tests-1] INFO  testCases.TC001_AccountRegistrationTest - CLICKED ON MyAccount LINK
20:24:59.601 [TestNG-tests-2] ERROR testCases.TC001_AccountRegistrationTest - ********** TEST FAILED **********
20:24:59.601 [TestNG-tests-2] DEBUG testCases.TC001_AccountRegistrationTest - LOGGING EXCEPTION (DEBUG)...
20:25:04.658 [TestNG-tests-1] ERROR testCases.TC001_AccountRegistrationTest - ********** TEST FAILED **********
20:25:04.658 [TestNG-tests-1] DEBUG testCases.TC001_AccountRegistrationTest - LOGGING EXCEPTION (DEBUG)...
20:25:11.657 [TestNG-tests-2] INFO  testCases.TC001_AccountRegistrationTest - #### STARTING TC001_AccountRegistrationTest ####
20:25:11.885 [TestNG-tests-2] INFO  testCases.TC001_AccountRegistrationTest - CLICKED ON MyAccount LINK
20:25:12.549 [TestNG-tests-2] INFO  testCases.TC001_AccountRegistrationTest - CLICKED ON Register LINK
20:25:12.552 [TestNG-tests-2] INFO  testCases.TC001_AccountRegistrationTest - INPUTTING CUSTOMER REGISTRATION DETAILS...
20:25:13.927 [TestNG-tests-2] INFO  testCases.TC001_AccountRegistrationTest - VALIDATING EXPECTED MESSAGE...
20:25:13.937 [TestNG-tests-2] INFO  testCases.TC001_AccountRegistrationTest - #### TC001_AccountRegistrationTest COMPLETE ####
20:26:41.178 [main] DEBUG org.testng.TestNG - suiteXmlPath: "C:\Automation\OpencartVer001\testng_master.xml"
20:26:41.337 [main] INFO  org.testng.internal.Utils - [TestNG] Running:
  C:\Automation\OpencartVer001\testng_master.xml

20:26:46.481 [main] INFO  testCases.TC001_AccountRegistrationTest - #### STARTING TC001_AccountRegistrationTest ####
20:26:46.543 [main] INFO  testCases.TC001_AccountRegistrationTest - CLICKED ON MyAccount LINK
20:26:47.191 [main] INFO  testCases.TC001_AccountRegistrationTest - CLICKED ON Register LINK
20:26:47.192 [main] INFO  testCases.TC001_AccountRegistrationTest - INPUTTING CUSTOMER REGISTRATION DETAILS...
20:26:48.438 [main] INFO  testCases.TC001_AccountRegistrationTest - VALIDATING EXPECTED MESSAGE...
20:26:48.461 [main] INFO  testCases.TC001_AccountRegistrationTest - #### TC001_AccountRegistrationTest COMPLETE ####
20:26:54.493 [main] INFO  testCases.TC002_LoginTest - ------- STARTING TC002_LoginTest -------
20:26:55.950 [main] INFO  testCases.TC002_LoginTest - ------- TC002_LoginTest COMPLETE -------
20:27:04.409 [main] DEBUG org.testng.TestNG - suiteXmlPath: "C:\Automation\OpencartVer001\testng_grouping.xml"
20:27:04.577 [main] INFO  org.testng.internal.Utils - [TestNG] Running:
  C:\Automation\OpencartVer001\testng_grouping.xml

20:27:09.772 [main] INFO  testCases.TC001_AccountRegistrationTest - #### STARTING TC001_AccountRegistrationTest ####
20:27:09.841 [main] INFO  testCases.TC001_AccountRegistrationTest - CLICKED ON MyAccount LINK
20:27:10.515 [main] INFO  testCases.TC001_AccountRegistrationTest - CLICKED ON Register LINK
20:27:10.516 [main] INFO  testCases.TC001_AccountRegistrationTest - INPUTTING CUSTOMER REGISTRATION DETAILS...
20:27:11.754 [main] INFO  testCases.TC001_AccountRegistrationTest - VALIDATING EXPECTED MESSAGE...
20:27:11.773 [main] INFO  testCases.TC001_AccountRegistrationTest - #### TC001_AccountRegistrationTest COMPLETE ####
20:27:17.821 [main] INFO  testCases.TC002_LoginTest - ------- STARTING TC002_LoginTest -------
20:27:19.253 [main] INFO  testCases.TC002_LoginTest - ------- TC002_LoginTest COMPLETE -------
20:27:44.510 [main] DEBUG org.testng.TestNG - suiteXmlPath: "C:\Automation\OpencartVer001\testng_cross-browser-testing.xml"
20:27:44.670 [main] INFO  org.testng.internal.Utils - [TestNG] Running:
  C:\Automation\OpencartVer001\testng_cross-browser-testing.xml

20:27:48.079 [TestNG-tests-2] INFO  testCases.TC001_AccountRegistrationTest - #### STARTING TC001_AccountRegistrationTest ####
20:27:49.509 [TestNG-tests-1] INFO  testCases.TC001_AccountRegistrationTest - #### STARTING TC001_AccountRegistrationTest ####
20:27:49.570 [TestNG-tests-2] INFO  testCases.TC001_AccountRegistrationTest - CLICKED ON MyAccount LINK
20:27:49.598 [TestNG-tests-1] INFO  testCases.TC001_AccountRegistrationTest - CLICKED ON MyAccount LINK
20:27:54.669 [TestNG-tests-2] ERROR testCases.TC001_AccountRegistrationTest - ********** TEST FAILED **********
20:27:54.670 [TestNG-tests-2] DEBUG testCases.TC001_AccountRegistrationTest - LOGGING EXCEPTION (DEBUG)...
20:27:59.677 [TestNG-tests-1] ERROR testCases.TC001_AccountRegistrationTest - ********** TEST FAILED **********
20:27:59.677 [TestNG-tests-1] DEBUG testCases.TC001_AccountRegistrationTest - LOGGING EXCEPTION (DEBUG)...
20:28:05.345 [TestNG-tests-1] INFO  testCases.TC001_AccountRegistrationTest - #### STARTING TC001_AccountRegistrationTest ####
20:28:05.582 [TestNG-tests-1] INFO  testCases.TC001_AccountRegistrationTest - CLICKED ON MyAccount LINK
20:28:06.188 [TestNG-tests-1] INFO  testCases.TC001_AccountRegistrationTest - CLICKED ON Register LINK
20:28:06.190 [TestNG-tests-1] INFO  testCases.TC001_AccountRegistrationTest - INPUTTING CUSTOMER REGISTRATION DETAILS...
20:28:07.452 [TestNG-tests-1] INFO  testCases.TC001_AccountRegistrationTest - VALIDATING EXPECTED MESSAGE...
20:28:07.466 [TestNG-tests-1] INFO  testCases.TC001_AccountRegistrationTest - #### TC001_AccountRegistrationTest COMPLETE ####
20:35:12.611 [main] DEBUG org.testng.TestNG - suiteXmlPath: "C:\Automation\OpencartVer001\testng_cross-browser-testing.xml"
20:35:12.778 [main] INFO  org.testng.internal.Utils - [TestNG] Running:
  C:\Automation\OpencartVer001\testng_cross-browser-testing.xml

20:37:32.063 [main] DEBUG org.testng.TestNG - suiteXmlPath: "C:\Automation\OpencartVer001\testng_cross-browser-testing.xml"
20:37:32.225 [main] INFO  org.testng.internal.Utils - [TestNG] Running:
  C:\Automation\OpencartVer001\testng_cross-browser-testing.xml

20:40:18.358 [main] DEBUG org.testng.TestNG - suiteXmlPath: "C:\Automation\OpencartVer001\testng_cross-browser-testing.xml"
20:40:18.524 [main] INFO  org.testng.internal.Utils - [TestNG] Running:
  C:\Automation\OpencartVer001\testng_cross-browser-testing.xml

20:40:21.928 [TestNG-tests-2] INFO  testCases.TC001_AccountRegistrationTest - #### STARTING TC001_AccountRegistrationTest ####
20:40:22.006 [TestNG-tests-2] INFO  testCases.TC001_AccountRegistrationTest - CLICKED ON MyAccount LINK
20:40:22.643 [TestNG-tests-2] INFO  testCases.TC001_AccountRegistrationTest - CLICKED ON Register LINK
20:40:22.644 [TestNG-tests-2] INFO  testCases.TC001_AccountRegistrationTest - INPUTTING CUSTOMER REGISTRATION DETAILS...
20:40:24.062 [TestNG-tests-2] INFO  testCases.TC001_AccountRegistrationTest - VALIDATING EXPECTED MESSAGE...
20:40:24.086 [TestNG-tests-2] INFO  testCases.TC001_AccountRegistrationTest - #### TC001_AccountRegistrationTest COMPLETE ####
20:40:25.255 [TestNG-tests-1] INFO  testCases.TC001_AccountRegistrationTest - #### STARTING TC001_AccountRegistrationTest ####
20:40:25.367 [TestNG-tests-1] ERROR testCases.TC001_AccountRegistrationTest - ********** TEST FAILED **********
20:40:25.367 [TestNG-tests-1] DEBUG testCases.TC001_AccountRegistrationTest - LOGGING EXCEPTION (DEBUG)...
20:40:30.220 [TestNG-tests-1] INFO  testCases.TC001_AccountRegistrationTest - #### STARTING TC001_AccountRegistrationTest ####
20:40:30.455 [TestNG-tests-1] INFO  testCases.TC001_AccountRegistrationTest - CLICKED ON MyAccount LINK
20:40:31.118 [TestNG-tests-1] INFO  testCases.TC001_AccountRegistrationTest - CLICKED ON Register LINK
20:40:31.119 [TestNG-tests-1] INFO  testCases.TC001_AccountRegistrationTest - INPUTTING CUSTOMER REGISTRATION DETAILS...
20:40:32.464 [TestNG-tests-1] INFO  testCases.TC001_AccountRegistrationTest - VALIDATING EXPECTED MESSAGE...
20:40:32.478 [TestNG-tests-1] INFO  testCases.TC001_AccountRegistrationTest - #### TC001_AccountRegistrationTest COMPLETE ####
20:44:22.247 [main] DEBUG org.testng.TestNG - suiteXmlPath: "C:\Automation\OpencartVer001\testng_cross-browser-testing.xml"
20:44:22.415 [main] INFO  org.testng.internal.Utils - [TestNG] Running:
  C:\Automation\OpencartVer001\testng_cross-browser-testing.xml

20:44:25.795 [TestNG-tests-2] INFO  testCases.TC001_AccountRegistrationTest - #### STARTING TC001_AccountRegistrationTest ####
20:44:27.345 [TestNG-tests-1] INFO  testCases.TC001_AccountRegistrationTest - #### STARTING TC001_AccountRegistrationTest ####
20:44:27.405 [TestNG-tests-2] INFO  testCases.TC001_AccountRegistrationTest - CLICKED ON MyAccount LINK
20:44:27.434 [TestNG-tests-1] INFO  testCases.TC001_AccountRegistrationTest - CLICKED ON MyAccount LINK
20:44:32.509 [TestNG-tests-2] ERROR testCases.TC001_AccountRegistrationTest - ********** TEST FAILED **********
20:44:32.509 [TestNG-tests-2] DEBUG testCases.TC001_AccountRegistrationTest - LOGGING EXCEPTION (DEBUG)...
20:44:37.557 [TestNG-tests-1] ERROR testCases.TC001_AccountRegistrationTest - ********** TEST FAILED **********
20:44:37.557 [TestNG-tests-1] DEBUG testCases.TC001_AccountRegistrationTest - LOGGING EXCEPTION (DEBUG)...
20:44:44.227 [TestNG-tests-2] INFO  testCases.TC001_AccountRegistrationTest - #### STARTING TC001_AccountRegistrationTest ####
20:44:44.460 [TestNG-tests-2] INFO  testCases.TC001_AccountRegistrationTest - CLICKED ON MyAccount LINK
20:44:45.089 [TestNG-tests-2] INFO  testCases.TC001_AccountRegistrationTest - CLICKED ON Register LINK
20:44:45.091 [TestNG-tests-2] INFO  testCases.TC001_AccountRegistrationTest - INPUTTING CUSTOMER REGISTRATION DETAILS...
20:44:46.412 [TestNG-tests-2] INFO  testCases.TC001_AccountRegistrationTest - VALIDATING EXPECTED MESSAGE...
20:44:46.427 [TestNG-tests-2] INFO  testCases.TC001_AccountRegistrationTest - #### TC001_AccountRegistrationTest COMPLETE ####
20:49:43.493 [main] DEBUG org.testng.TestNG - suiteXmlPath: "C:\Automation\OpencartVer001\testng_cross-browser-testing.xml"
20:49:43.668 [main] INFO  org.testng.internal.Utils - [TestNG] Running:
  C:\Automation\OpencartVer001\testng_cross-browser-testing.xml

20:49:47.066 [TestNG-tests-2] INFO  testCases.TC001_AccountRegistrationTest - #### STARTING TC001_AccountRegistrationTest ####
20:49:48.586 [TestNG-tests-1] INFO  testCases.TC001_AccountRegistrationTest - #### STARTING TC001_AccountRegistrationTest ####
20:49:48.644 [TestNG-tests-2] INFO  testCases.TC001_AccountRegistrationTest - CLICKED ON MyAccount LINK
20:49:48.675 [TestNG-tests-1] INFO  testCases.TC001_AccountRegistrationTest - CLICKED ON MyAccount LINK
20:49:58.681 [TestNG-tests-2] ERROR testCases.TC001_AccountRegistrationTest - ********** TEST FAILED **********
20:49:58.681 [TestNG-tests-2] DEBUG testCases.TC001_AccountRegistrationTest - LOGGING EXCEPTION (DEBUG)...
20:49:58.684 [TestNG-tests-1] ERROR testCases.TC001_AccountRegistrationTest - ********** TEST FAILED **********
20:49:58.684 [TestNG-tests-1] DEBUG testCases.TC001_AccountRegistrationTest - LOGGING EXCEPTION (DEBUG)...
20:50:05.277 [TestNG-tests-2] INFO  testCases.TC001_AccountRegistrationTest - #### STARTING TC001_AccountRegistrationTest ####
20:50:05.512 [TestNG-tests-2] INFO  testCases.TC001_AccountRegistrationTest - CLICKED ON MyAccount LINK
20:50:06.262 [TestNG-tests-2] ERROR testCases.TC001_AccountRegistrationTest - ********** TEST FAILED **********
20:50:06.262 [TestNG-tests-2] DEBUG testCases.TC001_AccountRegistrationTest - LOGGING EXCEPTION (DEBUG)...
20:51:22.271 [main] DEBUG org.testng.TestNG - suiteXmlPath: "C:\Automation\OpencartVer001\testng_cross-browser-testing.xml"
20:51:22.434 [main] INFO  org.testng.internal.Utils - [TestNG] Running:
  C:\Automation\OpencartVer001\testng_cross-browser-testing.xml

20:51:27.301 [main] INFO  testCases.TC001_AccountRegistrationTest - #### STARTING TC001_AccountRegistrationTest ####
20:51:27.369 [main] INFO  testCases.TC001_AccountRegistrationTest - CLICKED ON MyAccount LINK
20:51:28.007 [main] INFO  testCases.TC001_AccountRegistrationTest - CLICKED ON Register LINK
20:51:28.008 [main] INFO  testCases.TC001_AccountRegistrationTest - INPUTTING CUSTOMER REGISTRATION DETAILS...
20:51:29.349 [main] INFO  testCases.TC001_AccountRegistrationTest - VALIDATING EXPECTED MESSAGE...
20:51:29.372 [main] INFO  testCases.TC001_AccountRegistrationTest - #### TC001_AccountRegistrationTest COMPLETE ####
20:51:33.949 [main] INFO  testCases.TC001_AccountRegistrationTest - #### STARTING TC001_AccountRegistrationTest ####
20:51:34.011 [main] INFO  testCases.TC001_AccountRegistrationTest - CLICKED ON MyAccount LINK
20:51:34.646 [main] INFO  testCases.TC001_AccountRegistrationTest - CLICKED ON Register LINK
20:51:34.646 [main] INFO  testCases.TC001_AccountRegistrationTest - INPUTTING CUSTOMER REGISTRATION DETAILS...
20:51:36.038 [main] INFO  testCases.TC001_AccountRegistrationTest - VALIDATING EXPECTED MESSAGE...
20:51:36.062 [main] INFO  testCases.TC001_AccountRegistrationTest - #### TC001_AccountRegistrationTest COMPLETE ####
20:51:40.496 [main] INFO  testCases.TC001_AccountRegistrationTest - #### STARTING TC001_AccountRegistrationTest ####
20:51:40.728 [main] INFO  testCases.TC001_AccountRegistrationTest - CLICKED ON MyAccount LINK
20:51:41.348 [main] INFO  testCases.TC001_AccountRegistrationTest - CLICKED ON Register LINK
20:51:41.349 [main] INFO  testCases.TC001_AccountRegistrationTest - INPUTTING CUSTOMER REGISTRATION DETAILS...
20:51:42.572 [main] INFO  testCases.TC001_AccountRegistrationTest - VALIDATING EXPECTED MESSAGE...
20:51:42.584 [main] INFO  testCases.TC001_AccountRegistrationTest - #### TC001_AccountRegistrationTest COMPLETE ####
21:06:40.210 [main] DEBUG org.testng.TestNG - suiteXmlPath: "C:\Automation\OpencartVer001\testng_cross-browser-testing.xml"
21:06:40.375 [main] INFO  org.testng.internal.Utils - [TestNG] Running:
  C:\Automation\OpencartVer001\testng_cross-browser-testing.xml

21:06:45.611 [main] INFO  testCases.TC001_AccountRegistrationTest - #### STARTING TC001_AccountRegistrationTest ####
21:06:45.674 [main] INFO  testCases.TC001_AccountRegistrationTest - CLICKED ON MyAccount LINK
21:06:46.335 [main] INFO  testCases.TC001_AccountRegistrationTest - CLICKED ON Register LINK
21:06:46.336 [main] INFO  testCases.TC001_AccountRegistrationTest - INPUTTING CUSTOMER REGISTRATION DETAILS...
21:06:47.631 [main] INFO  testCases.TC001_AccountRegistrationTest - VALIDATING EXPECTED MESSAGE...
21:06:47.652 [main] INFO  testCases.TC001_AccountRegistrationTest - #### TC001_AccountRegistrationTest COMPLETE ####
21:06:52.928 [main] INFO  testCases.TC001_AccountRegistrationTest - #### STARTING TC001_AccountRegistrationTest ####
21:06:52.983 [main] INFO  testCases.TC001_AccountRegistrationTest - CLICKED ON MyAccount LINK
21:06:53.625 [main] INFO  testCases.TC001_AccountRegistrationTest - CLICKED ON Register LINK
21:06:53.625 [main] INFO  testCases.TC001_AccountRegistrationTest - INPUTTING CUSTOMER REGISTRATION DETAILS...
21:06:54.898 [main] INFO  testCases.TC001_AccountRegistrationTest - VALIDATING EXPECTED MESSAGE...
21:06:54.914 [main] INFO  testCases.TC001_AccountRegistrationTest - #### TC001_AccountRegistrationTest COMPLETE ####
21:06:59.309 [main] INFO  testCases.TC001_AccountRegistrationTest - #### STARTING TC001_AccountRegistrationTest ####
21:06:59.537 [main] INFO  testCases.TC001_AccountRegistrationTest - CLICKED ON MyAccount LINK
21:07:00.173 [main] INFO  testCases.TC001_AccountRegistrationTest - CLICKED ON Register LINK
21:07:00.173 [main] INFO  testCases.TC001_AccountRegistrationTest - INPUTTING CUSTOMER REGISTRATION DETAILS...
21:07:01.445 [main] INFO  testCases.TC001_AccountRegistrationTest - VALIDATING EXPECTED MESSAGE...
21:07:01.454 [main] INFO  testCases.TC001_AccountRegistrationTest - #### TC001_AccountRegistrationTest COMPLETE ####
21:07:06.996 [main] DEBUG org.testng.TestNG - suiteXmlPath: "C:\Automation\OpencartVer001\testng_grouping.xml"
21:07:07.167 [main] INFO  org.testng.internal.Utils - [TestNG] Running:
  C:\Automation\OpencartVer001\testng_grouping.xml

21:07:12.295 [main] INFO  testCases.TC001_AccountRegistrationTest - #### STARTING TC001_AccountRegistrationTest ####
21:07:12.360 [main] INFO  testCases.TC001_AccountRegistrationTest - CLICKED ON MyAccount LINK
21:07:12.992 [main] INFO  testCases.TC001_AccountRegistrationTest - CLICKED ON Register LINK
21:07:12.993 [main] INFO  testCases.TC001_AccountRegistrationTest - INPUTTING CUSTOMER REGISTRATION DETAILS...
21:07:14.211 [main] INFO  testCases.TC001_AccountRegistrationTest - VALIDATING EXPECTED MESSAGE...
21:07:14.239 [main] INFO  testCases.TC001_AccountRegistrationTest - #### TC001_AccountRegistrationTest COMPLETE ####
21:07:20.745 [main] INFO  testCases.TC002_LoginTest - ------- STARTING TC002_LoginTest -------
21:07:22.229 [main] INFO  testCases.TC002_LoginTest - ------- TC002_LoginTest COMPLETE -------
21:07:28.841 [main] DEBUG org.testng.TestNG - suiteXmlPath: "C:\Automation\OpencartVer001\testng_master.xml"
21:07:29.007 [main] INFO  org.testng.internal.Utils - [TestNG] Running:
  C:\Automation\OpencartVer001\testng_master.xml

21:07:34.052 [main] INFO  testCases.TC001_AccountRegistrationTest - #### STARTING TC001_AccountRegistrationTest ####
21:07:34.114 [main] INFO  testCases.TC001_AccountRegistrationTest - CLICKED ON MyAccount LINK
21:07:34.739 [main] INFO  testCases.TC001_AccountRegistrationTest - CLICKED ON Register LINK
21:07:34.740 [main] INFO  testCases.TC001_AccountRegistrationTest - INPUTTING CUSTOMER REGISTRATION DETAILS...
21:07:35.957 [main] INFO  testCases.TC001_AccountRegistrationTest - VALIDATING EXPECTED MESSAGE...
21:07:35.975 [main] INFO  testCases.TC001_AccountRegistrationTest - #### TC001_AccountRegistrationTest COMPLETE ####
21:07:42.175 [main] INFO  testCases.TC002_LoginTest - ------- STARTING TC002_LoginTest -------
21:07:43.681 [main] INFO  testCases.TC002_LoginTest - ------- TC002_LoginTest COMPLETE -------
22:45:38.999 [main] DEBUG org.testng.TestNG - suiteXmlPath: "C:\Automation\OpencartVer001\testng_grid-docker.xml"
22:45:39.177 [main] INFO  org.testng.internal.Utils - [TestNG] Running:
  C:\Automation\OpencartVer001\testng_grid-docker.xml

22:45:43.569 [main] INFO  testCases.TC001_AccountRegistrationTest - #### STARTING TC001_AccountRegistrationTest ####
22:45:43.637 [main] INFO  testCases.TC001_AccountRegistrationTest - CLICKED ON MyAccount LINK
22:45:44.306 [main] INFO  testCases.TC001_AccountRegistrationTest - CLICKED ON Register LINK
22:45:44.307 [main] INFO  testCases.TC001_AccountRegistrationTest - INPUTTING CUSTOMER REGISTRATION DETAILS...
22:45:45.702 [main] INFO  testCases.TC001_AccountRegistrationTest - VALIDATING EXPECTED MESSAGE...
22:45:45.726 [main] INFO  testCases.TC001_AccountRegistrationTest - #### TC001_AccountRegistrationTest COMPLETE ####
22:45:49.157 [main] INFO  testCases.TC002_LoginTest - ------- STARTING TC002_LoginTest -------
22:45:50.972 [main] INFO  testCases.TC002_LoginTest - ------- TC002_LoginTest COMPLETE -------
22:45:56.050 [main] INFO  testCases.TC001_AccountRegistrationTest - #### STARTING TC001_AccountRegistrationTest ####
22:45:56.279 [main] INFO  testCases.TC001_AccountRegistrationTest - CLICKED ON MyAccount LINK
22:45:56.896 [main] INFO  testCases.TC001_AccountRegistrationTest - CLICKED ON Register LINK
22:45:56.897 [main] INFO  testCases.TC001_AccountRegistrationTest - INPUTTING CUSTOMER REGISTRATION DETAILS...
22:45:58.263 [main] INFO  testCases.TC001_AccountRegistrationTest - VALIDATING EXPECTED MESSAGE...
22:45:58.277 [main] INFO  testCases.TC001_AccountRegistrationTest - #### TC001_AccountRegistrationTest COMPLETE ####
22:46:03.060 [main] INFO  testCases.TC002_LoginTest - ------- STARTING TC002_LoginTest -------
22:46:04.760 [main] INFO  testCases.TC002_LoginTest - ------- TC002_LoginTest COMPLETE -------
22:47:14.255 [main] DEBUG org.testng.TestNG - suiteXmlPath: "C:\Automation\OpencartVer001\testng_grid-docker.xml"
22:47:14.422 [main] INFO  org.testng.internal.Utils - [TestNG] Running:
  C:\Automation\OpencartVer001\testng_grid-docker.xml

22:47:18.095 [main] INFO  testCases.TC001_AccountRegistrationTest - #### STARTING TC001_AccountRegistrationTest ####
22:47:18.171 [main] INFO  testCases.TC001_AccountRegistrationTest - CLICKED ON MyAccount LINK
22:47:19.019 [main] INFO  testCases.TC001_AccountRegistrationTest - CLICKED ON Register LINK
22:47:19.020 [main] INFO  testCases.TC001_AccountRegistrationTest - INPUTTING CUSTOMER REGISTRATION DETAILS...
22:47:19.350 [main] INFO  testCases.TC001_AccountRegistrationTest - VALIDATING EXPECTED MESSAGE...
22:47:20.289 [main] INFO  testCases.TC001_AccountRegistrationTest - #### TC001_AccountRegistrationTest COMPLETE ####
22:47:23.628 [main] INFO  testCases.TC002_LoginTest - ------- STARTING TC002_LoginTest -------
22:47:25.049 [main] INFO  testCases.TC002_LoginTest - ------- TC002_LoginTest COMPLETE -------
22:51:52.730 [main] DEBUG org.testng.TestNG - suiteXmlPath: "C:\Automation\OpencartVer001\testng_grid-docker.xml"
22:51:52.914 [main] INFO  org.testng.internal.Utils - [TestNG] Running:
  C:\Automation\OpencartVer001\testng_grid-docker.xml

22:51:56.956 [main] INFO  testCases.TC001_AccountRegistrationTest - #### STARTING TC001_AccountRegistrationTest ####
22:51:57.050 [main] INFO  testCases.TC001_AccountRegistrationTest - CLICKED ON MyAccount LINK
22:51:57.724 [main] INFO  testCases.TC001_AccountRegistrationTest - CLICKED ON Register LINK
22:51:57.725 [main] INFO  testCases.TC001_AccountRegistrationTest - INPUTTING CUSTOMER REGISTRATION DETAILS...
22:51:59.178 [main] INFO  testCases.TC001_AccountRegistrationTest - VALIDATING EXPECTED MESSAGE...
22:51:59.219 [main] INFO  testCases.TC001_AccountRegistrationTest - #### TC001_AccountRegistrationTest COMPLETE ####
22:52:01.856 [main] INFO  testCases.TC002_LoginTest - ------- STARTING TC002_LoginTest -------
22:52:03.477 [main] INFO  testCases.TC002_LoginTest - ------- TC002_LoginTest COMPLETE -------
22:53:04.250 [main] DEBUG org.testng.TestNG - suiteXmlPath: "C:\Automation\OpencartVer001\testng_grid-docker.xml"
22:53:04.490 [main] INFO  org.testng.internal.Utils - [TestNG] Running:
  C:\Automation\OpencartVer001\testng_grid-docker.xml

22:53:09.923 [main] INFO  testCases.TC001_AccountRegistrationTest - #### STARTING TC001_AccountRegistrationTest ####
22:53:10.187 [main] INFO  testCases.TC001_AccountRegistrationTest - CLICKED ON MyAccount LINK
22:53:10.831 [main] INFO  testCases.TC001_AccountRegistrationTest - CLICKED ON Register LINK
22:53:10.832 [main] INFO  testCases.TC001_AccountRegistrationTest - INPUTTING CUSTOMER REGISTRATION DETAILS...
22:53:12.209 [main] INFO  testCases.TC001_AccountRegistrationTest - VALIDATING EXPECTED MESSAGE...
22:53:12.235 [main] INFO  testCases.TC001_AccountRegistrationTest - #### TC001_AccountRegistrationTest COMPLETE ####
22:53:16.990 [main] INFO  testCases.TC002_LoginTest - ------- STARTING TC002_LoginTest -------
22:53:18.685 [main] INFO  testCases.TC002_LoginTest - ------- TC002_LoginTest COMPLETE -------
22:53:35.169 [main] DEBUG org.testng.TestNG - suiteXmlPath: "C:\Automation\OpencartVer001\testng_grid-docker.xml"
22:53:35.372 [main] INFO  org.testng.internal.Utils - [TestNG] Running:
  C:\Automation\OpencartVer001\testng_grid-docker.xml

22:53:39.021 [main] INFO  testCases.TC001_AccountRegistrationTest - #### STARTING TC001_AccountRegistrationTest ####
22:53:39.116 [main] INFO  testCases.TC001_AccountRegistrationTest - CLICKED ON MyAccount LINK
22:53:39.806 [main] INFO  testCases.TC001_AccountRegistrationTest - CLICKED ON Register LINK
22:53:39.808 [main] INFO  testCases.TC001_AccountRegistrationTest - INPUTTING CUSTOMER REGISTRATION DETAILS...
22:53:41.276 [main] INFO  testCases.TC001_AccountRegistrationTest - VALIDATING EXPECTED MESSAGE...
22:53:41.320 [main] INFO  testCases.TC001_AccountRegistrationTest - #### TC001_AccountRegistrationTest COMPLETE ####
22:53:44.101 [main] INFO  testCases.TC002_LoginTest - ------- STARTING TC002_LoginTest -------
22:53:45.726 [main] INFO  testCases.TC002_LoginTest - ------- TC002_LoginTest COMPLETE -------
22:53:50.172 [main] INFO  testCases.TC001_AccountRegistrationTest - #### STARTING TC001_AccountRegistrationTest ####
22:53:50.416 [main] INFO  testCases.TC001_AccountRegistrationTest - CLICKED ON MyAccount LINK
22:53:51.080 [main] INFO  testCases.TC001_AccountRegistrationTest - CLICKED ON Register LINK
22:53:51.080 [main] INFO  testCases.TC001_AccountRegistrationTest - INPUTTING CUSTOMER REGISTRATION DETAILS...
22:53:52.477 [main] INFO  testCases.TC001_AccountRegistrationTest - VALIDATING EXPECTED MESSAGE...
22:53:52.494 [main] INFO  testCases.TC001_AccountRegistrationTest - #### TC001_AccountRegistrationTest COMPLETE ####
22:53:56.867 [main] INFO  testCases.TC002_LoginTest - ------- STARTING TC002_LoginTest -------
22:53:58.458 [main] INFO  testCases.TC002_LoginTest - ------- TC002_LoginTest COMPLETE -------
23:09:09.887 [main] DEBUG org.testng.TestNG - suiteXmlPath: "C:\Automation\OpencartVer001\testng_grid-docker.xml"
23:09:10.059 [main] INFO  org.testng.internal.Utils - [TestNG] Running:
  C:\Automation\OpencartVer001\testng_grid-docker.xml

23:09:13.896 [main] INFO  testCases.TC001_AccountRegistrationTest - #### STARTING TC001_AccountRegistrationTest ####
23:09:13.992 [main] INFO  testCases.TC001_AccountRegistrationTest - CLICKED ON MyAccount LINK
23:09:14.658 [main] INFO  testCases.TC001_AccountRegistrationTest - CLICKED ON Register LINK
23:09:14.660 [main] INFO  testCases.TC001_AccountRegistrationTest - INPUTTING CUSTOMER REGISTRATION DETAILS...
23:09:15.210 [main] INFO  testCases.TC001_AccountRegistrationTest - VALIDATING EXPECTED MESSAGE...
23:09:16.162 [main] INFO  testCases.TC001_AccountRegistrationTest - #### TC001_AccountRegistrationTest COMPLETE ####
23:09:18.918 [main] INFO  testCases.TC002_LoginTest - ------- STARTING TC002_LoginTest -------
23:09:20.608 [main] INFO  testCases.TC002_LoginTest - ------- TC002_LoginTest COMPLETE -------
23:09:25.739 [main] INFO  testCases.TC001_AccountRegistrationTest - #### STARTING TC001_AccountRegistrationTest ####
23:09:25.990 [main] INFO  testCases.TC001_AccountRegistrationTest - CLICKED ON MyAccount LINK
23:09:26.627 [main] INFO  testCases.TC001_AccountRegistrationTest - CLICKED ON Register LINK
23:09:26.627 [main] INFO  testCases.TC001_AccountRegistrationTest - INPUTTING CUSTOMER REGISTRATION DETAILS...
23:09:28.096 [main] INFO  testCases.TC001_AccountRegistrationTest - VALIDATING EXPECTED MESSAGE...
23:09:28.136 [main] INFO  testCases.TC001_AccountRegistrationTest - #### TC001_AccountRegistrationTest COMPLETE ####
23:09:32.637 [main] INFO  testCases.TC002_LoginTest - ------- STARTING TC002_LoginTest -------
23:09:34.336 [main] INFO  testCases.TC002_LoginTest - ------- TC002_LoginTest COMPLETE -------
15:43:24.098 [main] DEBUG org.testng.TestNG - suiteXmlPath: "C:\Automation\OpencartVer001\testng_master.xml"
15:46:57.589 [main] DEBUG org.testng.TestNG - suiteXmlPath: "C:\Automation\OpencartVer001\testng_master.xml"
15:47:19.755 [main] DEBUG org.testng.TestNG - suiteXmlPath: "C:\Automation\OpencartVer001\testng_master.xml"
15:47:27.317 [main] INFO  testCases.TC002_LoginTest - ------- STARTING TC002_LoginTest -------
15:47:28.827 [main] INFO  testCases.TC002_LoginTest - ------- TC002_LoginTest COMPLETE -------
15:48:16.575 [main] DEBUG org.testng.TestNG - suiteXmlPath: "C:\Automation\OpencartVer001\testng_master.xml"
15:48:19.994 [main] INFO  testCases.TC001_AccountRegistrationTest - #### STARTING TC001_AccountRegistrationTest ####
15:48:20.051 [main] INFO  testCases.TC001_AccountRegistrationTest - CLICKED ON MyAccount LINK
15:48:20.684 [main] INFO  testCases.TC001_AccountRegistrationTest - CLICKED ON Register LINK
15:48:20.685 [main] INFO  testCases.TC001_AccountRegistrationTest - INPUTTING CUSTOMER REGISTRATION DETAILS...
15:48:21.938 [main] INFO  testCases.TC001_AccountRegistrationTest - VALIDATING EXPECTED MESSAGE...
15:48:21.957 [main] INFO  testCases.TC001_AccountRegistrationTest - #### TC001_AccountRegistrationTest COMPLETE ####
15:48:25.956 [main] INFO  testCases.TC002_LoginTest - ------- STARTING TC002_LoginTest -------
15:48:27.374 [main] INFO  testCases.TC002_LoginTest - ------- TC002_LoginTest COMPLETE -------
15:57:50.251 [main] DEBUG org.testng.TestNG - suiteXmlPath: "C:\Automation\OpencartVer001\testng_master.xml"
15:57:53.728 [main] INFO  testCases.TC001_AccountRegistrationTest - #### STARTING TC001_AccountRegistrationTest ####
15:57:53.792 [main] INFO  testCases.TC001_AccountRegistrationTest - CLICKED ON MyAccount LINK
15:57:54.416 [main] INFO  testCases.TC001_AccountRegistrationTest - CLICKED ON Register LINK
15:57:54.417 [main] INFO  testCases.TC001_AccountRegistrationTest - INPUTTING CUSTOMER REGISTRATION DETAILS...
15:57:55.730 [main] INFO  testCases.TC001_AccountRegistrationTest - VALIDATING EXPECTED MESSAGE...
15:57:55.749 [main] INFO  testCases.TC001_AccountRegistrationTest - #### TC001_AccountRegistrationTest COMPLETE ####
15:57:59.761 [main] INFO  testCases.TC002_LoginTest - ------- STARTING TC002_LoginTest -------
15:58:01.191 [main] INFO  testCases.TC002_LoginTest - ------- TC002_LoginTest COMPLETE -------
16:00:04.255 [main] DEBUG org.testng.TestNG - suiteXmlPath: "C:\Automation\OpencartVer001\testng_master.xml"
16:00:08.114 [main] INFO  testCases.TC001_AccountRegistrationTest - #### STARTING TC001_AccountRegistrationTest ####
16:00:08.171 [main] INFO  testCases.TC001_AccountRegistrationTest - CLICKED ON MyAccount LINK
16:00:08.812 [main] INFO  testCases.TC001_AccountRegistrationTest - CLICKED ON Register LINK
16:00:08.813 [main] INFO  testCases.TC001_AccountRegistrationTest - INPUTTING CUSTOMER REGISTRATION DETAILS...
16:00:10.088 [main] INFO  testCases.TC001_AccountRegistrationTest - VALIDATING EXPECTED MESSAGE...
16:00:10.106 [main] INFO  testCases.TC001_AccountRegistrationTest - #### TC001_AccountRegistrationTest COMPLETE ####
16:00:14.042 [main] INFO  testCases.TC002_LoginTest - ------- STARTING TC002_LoginTest -------
16:00:15.496 [main] INFO  testCases.TC002_LoginTest - ------- TC002_LoginTest COMPLETE -------
16:01:17.332 [main] DEBUG org.testng.TestNG - suiteXmlPath: "C:\Automation\OpencartVer001\testng_master.xml"
16:01:20.871 [main] INFO  testCases.TC001_AccountRegistrationTest - #### STARTING TC001_AccountRegistrationTest ####
16:01:20.932 [main] INFO  testCases.TC001_AccountRegistrationTest - CLICKED ON MyAccount LINK
16:01:21.608 [main] INFO  testCases.TC001_AccountRegistrationTest - CLICKED ON Register LINK
16:01:21.609 [main] INFO  testCases.TC001_AccountRegistrationTest - INPUTTING CUSTOMER REGISTRATION DETAILS...
16:01:22.852 [main] INFO  testCases.TC001_AccountRegistrationTest - VALIDATING EXPECTED MESSAGE...
16:01:22.872 [main] INFO  testCases.TC001_AccountRegistrationTest - #### TC001_AccountRegistrationTest COMPLETE ####
16:01:27.036 [main] INFO  testCases.TC002_LoginTest - ------- STARTING TC002_LoginTest -------
16:01:28.604 [main] INFO  testCases.TC002_LoginTest - ------- TC002_LoginTest COMPLETE -------
16:29:55.901 [main] DEBUG org.testng.TestNG - suiteXmlPath: "C:\Automation\OpencartVer001\testng_master.xml"
16:29:59.600 [main] INFO  testCases.TC001_AccountRegistrationTest - #### STARTING TC001_AccountRegistrationTest ####
16:29:59.667 [main] INFO  testCases.TC001_AccountRegistrationTest - CLICKED ON MyAccount LINK
16:30:00.308 [main] INFO  testCases.TC001_AccountRegistrationTest - CLICKED ON Register LINK
16:30:00.310 [main] INFO  testCases.TC001_AccountRegistrationTest - INPUTTING CUSTOMER REGISTRATION DETAILS...
16:30:01.583 [main] INFO  testCases.TC001_AccountRegistrationTest - VALIDATING EXPECTED MESSAGE...
16:30:01.602 [main] INFO  testCases.TC001_AccountRegistrationTest - #### TC001_AccountRegistrationTest COMPLETE ####
16:30:06.705 [main] INFO  testCases.TC002_LoginTest - ------- STARTING TC002_LoginTest -------
16:30:08.252 [main] INFO  testCases.TC002_LoginTest - ------- TC002_LoginTest COMPLETE -------
16:36:00.365 [main] DEBUG org.testng.TestNG - suiteXmlPath: "C:\Automation\OpencartVer001\testng_master.xml"
16:43:45.679 [main] DEBUG org.testng.TestNG - suiteXmlPath: "C:\Automation\OpencartVer001\testng_cross-browser-testing.xml"
16:45:49.188 [main] DEBUG org.testng.TestNG - suiteXmlPath: "C:\Automation\OpencartVer001\testng_cross-browser-testing.xml"
17:21:07.938 [main] DEBUG org.testng.TestNG - suiteXmlPath: "C:\Automation\OpencartVer001\testng_grid-docker.xml"
17:21:12.295 [main] INFO  testCases.TC001_AccountRegistrationTest - #### STARTING TC001_AccountRegistrationTest ####
17:21:12.406 [main] INFO  testCases.TC001_AccountRegistrationTest - CLICKED ON MyAccount LINK
17:21:13.105 [main] INFO  testCases.TC001_AccountRegistrationTest - CLICKED ON Register LINK
17:21:13.107 [main] INFO  testCases.TC001_AccountRegistrationTest - INPUTTING CUSTOMER REGISTRATION DETAILS...
17:21:14.948 [main] INFO  testCases.TC001_AccountRegistrationTest - VALIDATING EXPECTED MESSAGE...
17:21:14.992 [main] INFO  testCases.TC001_AccountRegistrationTest - #### TC001_AccountRegistrationTest COMPLETE ####
17:21:17.785 [main] INFO  testCases.TC002_LoginTest - ------- STARTING TC002_LoginTest -------
17:21:19.424 [main] INFO  testCases.TC002_LoginTest - ------- TC002_LoginTest COMPLETE -------
17:21:24.671 [main] INFO  testCases.TC001_AccountRegistrationTest - #### STARTING TC001_AccountRegistrationTest ####
17:21:24.929 [main] INFO  testCases.TC001_AccountRegistrationTest - CLICKED ON MyAccount LINK
17:21:25.567 [main] INFO  testCases.TC001_AccountRegistrationTest - CLICKED ON Register LINK
17:21:25.567 [main] INFO  testCases.TC001_AccountRegistrationTest - INPUTTING CUSTOMER REGISTRATION DETAILS...
17:21:26.941 [main] INFO  testCases.TC001_AccountRegistrationTest - VALIDATING EXPECTED MESSAGE...
17:21:26.967 [main] INFO  testCases.TC001_AccountRegistrationTest - #### TC001_AccountRegistrationTest COMPLETE ####
17:21:31.432 [main] INFO  testCases.TC002_LoginTest - ------- STARTING TC002_LoginTest -------
17:21:33.065 [main] INFO  testCases.TC002_LoginTest - ------- TC002_LoginTest COMPLETE -------
17:21:37.595 [main] INFO  testCases.TC001_AccountRegistrationTest - #### STARTING TC001_AccountRegistrationTest ####
17:21:37.687 [main] INFO  testCases.TC001_AccountRegistrationTest - CLICKED ON MyAccount LINK
17:21:38.369 [main] INFO  testCases.TC001_AccountRegistrationTest - CLICKED ON Register LINK
17:21:38.369 [main] INFO  testCases.TC001_AccountRegistrationTest - INPUTTING CUSTOMER REGISTRATION DETAILS...
17:21:40.043 [main] INFO  testCases.TC001_AccountRegistrationTest - VALIDATING EXPECTED MESSAGE...
17:21:40.086 [main] INFO  testCases.TC001_AccountRegistrationTest - #### TC001_AccountRegistrationTest COMPLETE ####
17:21:43.920 [main] INFO  testCases.TC002_LoginTest - ------- STARTING TC002_LoginTest -------
17:21:45.568 [main] INFO  testCases.TC002_LoginTest - ------- TC002_LoginTest COMPLETE -------
17:40:55.883 [main] DEBUG org.testng.TestNG - suiteXmlPath: "C:\Automation\OpencartVer001\testng_grid-docker.xml"
17:41:00.379 [main] INFO  testCases.TC001_AccountRegistrationTest - #### STARTING TC001_AccountRegistrationTest ####
17:41:00.485 [main] INFO  testCases.TC001_AccountRegistrationTest - CLICKED ON MyAccount LINK
17:41:01.153 [main] INFO  testCases.TC001_AccountRegistrationTest - CLICKED ON Register LINK
17:41:01.155 [main] INFO  testCases.TC001_AccountRegistrationTest - INPUTTING CUSTOMER REGISTRATION DETAILS...
17:41:02.894 [main] INFO  testCases.TC001_AccountRegistrationTest - VALIDATING EXPECTED MESSAGE...
17:41:02.939 [main] INFO  testCases.TC001_AccountRegistrationTest - #### TC001_AccountRegistrationTest COMPLETE ####
17:41:05.679 [main] INFO  testCases.TC002_LoginTest - ------- STARTING TC002_LoginTest -------
17:41:07.315 [main] INFO  testCases.TC002_LoginTest - ------- TC002_LoginTest COMPLETE -------
17:41:12.529 [main] INFO  testCases.TC001_AccountRegistrationTest - #### STARTING TC001_AccountRegistrationTest ####
17:41:12.783 [main] INFO  testCases.TC001_AccountRegistrationTest - CLICKED ON MyAccount LINK
17:41:13.425 [main] INFO  testCases.TC001_AccountRegistrationTest - CLICKED ON Register LINK
17:41:13.425 [main] INFO  testCases.TC001_AccountRegistrationTest - INPUTTING CUSTOMER REGISTRATION DETAILS...
17:41:14.782 [main] INFO  testCases.TC001_AccountRegistrationTest - VALIDATING EXPECTED MESSAGE...
17:41:14.802 [main] INFO  testCases.TC001_AccountRegistrationTest - #### TC001_AccountRegistrationTest COMPLETE ####
17:41:19.266 [main] INFO  testCases.TC002_LoginTest - ------- STARTING TC002_LoginTest -------
17:41:20.909 [main] INFO  testCases.TC002_LoginTest - ------- TC002_LoginTest COMPLETE -------
17:41:25.311 [main] INFO  testCases.TC001_AccountRegistrationTest - #### STARTING TC001_AccountRegistrationTest ####
17:41:25.395 [main] INFO  testCases.TC001_AccountRegistrationTest - CLICKED ON MyAccount LINK
17:41:26.086 [main] INFO  testCases.TC001_AccountRegistrationTest - CLICKED ON Register LINK
17:41:26.086 [main] INFO  testCases.TC001_AccountRegistrationTest - INPUTTING CUSTOMER REGISTRATION DETAILS...
17:41:27.582 [main] INFO  testCases.TC001_AccountRegistrationTest - VALIDATING EXPECTED MESSAGE...
17:41:27.621 [main] INFO  testCases.TC001_AccountRegistrationTest - #### TC001_AccountRegistrationTest COMPLETE ####
17:41:31.624 [main] INFO  testCases.TC002_LoginTest - ------- STARTING TC002_LoginTest -------
17:41:33.395 [main] INFO  testCases.TC002_LoginTest - ------- TC002_LoginTest COMPLETE -------
